

Working Directory = /home/cc/eecs151/fa23/class/eecs151-aeq/asic_labs_fa23/lab3/build/syn-rundir
QoS Summary for gcd
================================================================================
Metric                          final          
================================================================================
Slack (ps):                     5,201
  R2R (ps):                     5,201
  I2R (ps):                  no_value
  R2O (ps):                  no_value
  I2O (ps):                  no_value
  CG  (ps):                    12,887
TNS (ps):                           0
  R2R (ps):                         0
  I2R (ps):                  no_value
  R2O (ps):                  no_value
  I2O (ps):                  no_value
  CG  (ps):                         0
Failing Paths:                      0
Cell Area:                      2,432
Total Cell Area:                2,432
Leaf Instances:                   247
Total Instances:                  247
Utilization (%):                 0.00
Tot. Net Length (um):        no_value
Avg. Net Length (um):        no_value
Route Overflow H (%):        no_value
Route Overflow V (%):        no_value
MBCI(%) (bits/gate) :            0.00
Norm Cong Hotspot Area:
  Max Cong:                  no_value
  Tot Cong:                  no_value
================================================================================
CPU  Runtime (h:m:s):        00:00:18
Real Runtime (h:m:s):        00:00:18
CPU  Elapsed (h:m:s):        00:00:18
Real Elapsed (h:m:s):        00:00:18
Memory (MB):                   967.48
================================================================================
================================================================================
Flow Settings:
================================================================================
Total Runtime (h:m:s): 00:00:18
Total Memory (MB):     967.48
Executable Version:    19.15-s090_1
================================================================================
Total Cell Area =  Cell Area + Physical Cell Area
Total Instances =  Leaf Instances + Physical Instances


