============================================================
  Generated by:           Genus(TM) Synthesis Solution 19.15-s090_1
  Generated on:           Oct 29 2023  09:25:58 pm
  Module:                 gcd
  Library domain:         ss_100C_1v60.setup_cond
    Domain index:         0
    Technology libraries: sky130_fd_sc_hd__ss_100C_1v60 1.0000000000
                          sky130_ef_io__gpiov2_pad_wrapped_ss_ss_100C_1v60_3v00 1.0
                          sky130_ef_io__vccd_lvc_clamped3_pad_ss_100C_1v60_3v00_3v00 1.0000000
                          sky130_ef_io__vccd_lvc_clamped_pad_ss_100C_1v60_3v00_3v00 1.0000000
                          sky130_ef_io__vdda_hvc_clamped_pad_ss_100C_1v60_3v00_3v00 1.0000000
                          sky130_ef_io__vddio_hvc_clamped_pad_ss_100C_1v60_3v00_3v00 1.0000000
                          sky130_ef_io__vssa_hvc_clamped_pad_ss_100C_1v60_3v00_3v00 1.0000000
                          sky130_ef_io__vssd_lvc_clamped3_pad_ss_100C_1v60_3v00 1.0
                          sky130_ef_io__vssd_lvc_clamped_pad_ss_100C_1v60_3v00 1.0
                          sky130_ef_io__vssio_hvc_clamped_pad_ss_100C_1v60_3v00_3v00 1.0000000
                          sky130_fd_io__top_gpiov2_ss_ss_100C_1v60_3v00 1.0
                          sky130_fd_io__top_ground_hvc_wpad_ss_100C_1v60_3v00_3v00 1.0000000
                          sky130_fd_io__top_ground_lvc_wpad_ss_100C_1v60_3v00 1.0
                          sky130_fd_io__top_power_hvc_wpad_ss_100C_1v60_3v00_3v00 1.0000000
                          sky130_fd_io__top_power_lvc_wpad_ss_100C_1v60_3v00_3v00 1.0000000
                          sky130_fd_io__top_xres4v2_ss_ss_100C_1v60_3v00 1.0
                          sram22_1024x32m8w8 1.0
                          sram22_64x32m4w32 1.0
                          sram22_1024x32m8w32 1.0
                          sram22_512x32m4w32 1.0
                          sram22_2048x32m8w8 1.0
                          sram22_512x32m4w8 1.0
                          sram22_4096x32m8w8 1.0
                          sram22_64x4m4w2 1.0
                          sram22_256x32m4w8 1.0
                          sram22_4096x8m8w8 1.0
                          sram22_64x32m4w8 1.0
                          sram22_64x24m4w24 1.0
                          sram22_512x64m4w8 1.0
  Operating conditions:   ss_100C_1v60 
  Interconnect mode:      global
  Area mode:              physical library
============================================================

     Instance             Module         Cell Count  Cell Area  Net Area   Total Area 
--------------------------------------------------------------------------------------
gcd                                             247   2432.333  1415.887     3848.220 
  GCDdpath0       gcd_datapath_W16              224   2249.658  1017.601     3267.258 
    B_register    REGISTER_R_CE_N16_26           35    449.181    61.087      510.268 
    A_register    REGISTER_R_CE_N16              35    449.181    61.087      510.268 
  GCDctrl0        gcd_control                    22    178.922    79.013      257.935 
    state_machine REGISTER_R_N2_INIT2h2           4     52.550     6.787       59.338 
