============================================================
  Generated by:           Genus(TM) Synthesis Solution 19.15-s090_1
  Generated on:           Oct 29 2023  09:25:59 pm
  Module:                 gcd
  Library domain:         ss_100C_1v60.setup_cond
    Domain index:         0
    Technology libraries: sky130_fd_sc_hd__ss_100C_1v60 1.0000000000
                          sky130_ef_io__gpiov2_pad_wrapped_ss_ss_100C_1v60_3v00 1.0
                          sky130_ef_io__vccd_lvc_clamped3_pad_ss_100C_1v60_3v00_3v00 1.0000000
                          sky130_ef_io__vccd_lvc_clamped_pad_ss_100C_1v60_3v00_3v00 1.0000000
                          sky130_ef_io__vdda_hvc_clamped_pad_ss_100C_1v60_3v00_3v00 1.0000000
                          sky130_ef_io__vddio_hvc_clamped_pad_ss_100C_1v60_3v00_3v00 1.0000000
                          sky130_ef_io__vssa_hvc_clamped_pad_ss_100C_1v60_3v00_3v00 1.0000000
                          sky130_ef_io__vssd_lvc_clamped3_pad_ss_100C_1v60_3v00 1.0
                          sky130_ef_io__vssd_lvc_clamped_pad_ss_100C_1v60_3v00 1.0
                          sky130_ef_io__vssio_hvc_clamped_pad_ss_100C_1v60_3v00_3v00 1.0000000
                          sky130_fd_io__top_gpiov2_ss_ss_100C_1v60_3v00 1.0
                          sky130_fd_io__top_ground_hvc_wpad_ss_100C_1v60_3v00_3v00 1.0000000
                          sky130_fd_io__top_ground_lvc_wpad_ss_100C_1v60_3v00 1.0
                          sky130_fd_io__top_power_hvc_wpad_ss_100C_1v60_3v00_3v00 1.0000000
                          sky130_fd_io__top_power_lvc_wpad_ss_100C_1v60_3v00_3v00 1.0000000
                          sky130_fd_io__top_xres4v2_ss_ss_100C_1v60_3v00 1.0
                          sram22_1024x32m8w8 1.0
                          sram22_64x32m4w32 1.0
                          sram22_1024x32m8w32 1.0
                          sram22_512x32m4w32 1.0
                          sram22_2048x32m8w8 1.0
                          sram22_512x32m4w8 1.0
                          sram22_4096x32m8w8 1.0
                          sram22_64x4m4w2 1.0
                          sram22_256x32m4w8 1.0
                          sram22_4096x8m8w8 1.0
                          sram22_64x32m4w8 1.0
                          sram22_64x24m4w24 1.0
                          sram22_512x64m4w8 1.0
  Operating conditions:   ss_100C_1v60 
  Interconnect mode:      global
  Area mode:              physical library
============================================================

                                                  Leakage                                   Library 
           Gate             Instances    Area   Power (nW)              Library              Domain 
----------------------------------------------------------------------------------------------------
sky130_fd_sc_hd__a21boi_1           1     7.507      2.135    sky130_fd_sc_hd__ss_100C_1v60       0 
sky130_fd_sc_hd__a21oi_1            3    15.014      5.688    sky130_fd_sc_hd__ss_100C_1v60       0 
sky130_fd_sc_hd__a222oi_1          17   170.163     36.700    sky130_fd_sc_hd__ss_100C_1v60       0 
sky130_fd_sc_hd__a22o_1             1     8.758      5.609    sky130_fd_sc_hd__ss_100C_1v60       0 
sky130_fd_sc_hd__a311oi_1           1     8.758      2.111    sky130_fd_sc_hd__ss_100C_1v60       0 
sky130_fd_sc_hd__a31oi_1            1     6.256      1.969    sky130_fd_sc_hd__ss_100C_1v60       0 
sky130_fd_sc_hd__and2_0             1     6.256      4.039    sky130_fd_sc_hd__ss_100C_1v60       0 
sky130_fd_sc_hd__and2_1             1     6.256      3.881    sky130_fd_sc_hd__ss_100C_1v60       0 
sky130_fd_sc_hd__and2_2             1     7.507      5.166    sky130_fd_sc_hd__ss_100C_1v60       0 
sky130_fd_sc_hd__and2b_1            1     7.507      5.261    sky130_fd_sc_hd__ss_100C_1v60       0 
sky130_fd_sc_hd__and3b_1            1     8.758      7.965    sky130_fd_sc_hd__ss_100C_1v60       0 
sky130_fd_sc_hd__buf_1              7    26.275     30.755    sky130_fd_sc_hd__ss_100C_1v60       0 
sky130_fd_sc_hd__buf_8             18   270.259    217.000    sky130_fd_sc_hd__ss_100C_1v60       0 
sky130_fd_sc_hd__clkinv_1           1     3.754      2.045    sky130_fd_sc_hd__ss_100C_1v60       0 
sky130_fd_sc_hd__conb_1             4    15.014      0.012    sky130_fd_sc_hd__ss_100C_1v60       0 
sky130_fd_sc_hd__dfxtp_1           34   680.653    489.229    sky130_fd_sc_hd__ss_100C_1v60       0 
sky130_fd_sc_hd__fa_1              14   280.269    135.780    sky130_fd_sc_hd__ss_100C_1v60       0 
sky130_fd_sc_hd__inv_1             19    71.318     78.926    sky130_fd_sc_hd__ss_100C_1v60       0 
sky130_fd_sc_hd__inv_2             18    67.565     47.975    sky130_fd_sc_hd__ss_100C_1v60       0 
sky130_fd_sc_hd__mux2_2            16   180.173     91.120    sky130_fd_sc_hd__ss_100C_1v60       0 
sky130_fd_sc_hd__nand2_1            1     3.754      1.778    sky130_fd_sc_hd__ss_100C_1v60       0 
sky130_fd_sc_hd__nand2b_1          15    93.840     46.090    sky130_fd_sc_hd__ss_100C_1v60       0 
sky130_fd_sc_hd__nand3b_1           3    22.522      7.052    sky130_fd_sc_hd__ss_100C_1v60       0 
sky130_fd_sc_hd__nor2_1             4    15.014     11.296    sky130_fd_sc_hd__ss_100C_1v60       0 
sky130_fd_sc_hd__nor2b_1           40   250.240    147.583    sky130_fd_sc_hd__ss_100C_1v60       0 
sky130_fd_sc_hd__nor4_1             1     6.256      1.428    sky130_fd_sc_hd__ss_100C_1v60       0 
sky130_fd_sc_hd__o2111ai_1          1     8.758      3.953    sky130_fd_sc_hd__ss_100C_1v60       0 
sky130_fd_sc_hd__o21ai_1            4    20.019     14.309    sky130_fd_sc_hd__ss_100C_1v60       0 
sky130_fd_sc_hd__o21ba_1            1    10.010      6.380    sky130_fd_sc_hd__ss_100C_1v60       0 
sky130_fd_sc_hd__o311ai_1           3    26.275      7.719    sky130_fd_sc_hd__ss_100C_1v60       0 
sky130_fd_sc_hd__or2_0              3    18.768      9.262    sky130_fd_sc_hd__ss_100C_1v60       0 
sky130_fd_sc_hd__or2_1              1     6.256      5.490    sky130_fd_sc_hd__ss_100C_1v60       0 
sky130_fd_sc_hd__or3b_1             2    17.517      9.912    sky130_fd_sc_hd__ss_100C_1v60       0 
sky130_fd_sc_hd__or4_1              4    30.029     11.335    sky130_fd_sc_hd__ss_100C_1v60       0 
sky130_fd_sc_hd__sdlclkp_1          2    37.536     31.254    sky130_fd_sc_hd__ss_100C_1v60       0 
sky130_fd_sc_hd__xnor2_1            1     8.758      2.865    sky130_fd_sc_hd__ss_100C_1v60       0 
sky130_fd_sc_hd__xor2_1             1     8.758      6.391    sky130_fd_sc_hd__ss_100C_1v60       0 
----------------------------------------------------------------------------------------------------
total                             247  2432.333   1497.464                                  


                                                         Leakage  Leakage 
            Type             Instances   Area   Area % Power (nW) Power % 
--------------------------------------------------------------------------
sequential                          34  680.653   28.0    489.229    32.7 
inverter                            38  142.637    5.9    128.945     8.6 
buffer                              25  296.534   12.2    247.756    16.5 
clock_gating_integrated_cell         2   37.536    1.5     31.254     2.1 
logic                              148 1274.973   52.4    600.280    40.1 
physical_cells                       0    0.000    0.0      0.000     0.0 
--------------------------------------------------------------------------
total                              247 2432.333  100.0   1497.464   100.0 

