# Preference setting overrides
gui_create_pref_key -category {Globals} -key {load_detail_for_funcov} -value_type {bool} -value {false}
gui_create_pref_category -category {schem_obj_name}
gui_create_pref_key -category {schem_obj_name} -key {show_cell_and_pin_with_symbol_name} -value_type {bool} -value {false}
gui_create_pref_key -category {schem_pin_hc} -key {textExtFont} -value_type {string} -value {Helvetica,10,-1,5,50,0,0,0,0,0}

# State setting overrides
gui_state_default_create -off -ini
gui_set_state_value -category Globals -key recent_databases -value {{gui_open_db -file vcdplus.vpd} {gui_open_db -file /home/cc/eecs151/fa23/class/eecs151-aeq/asic_labs_fa23/lab6/build/sim-rundir/vcdplus.vpd -design V1} {gui_open_db -file /home/cc/eecs151/fa23/class/eecs151-aeq/asic_labs_fa23/lab5/build/sim-rundir/vcdplus.vpd -design V1} {gui_open_db -file vcdplus.vpd -design V1} {gui_open_db -file /home/cc/eecs151/fa23/class/eecs151-aeq/asic_labs_fa23/lab4/build/sim-rundir/vcdplus.vpd -design V1}}
gui_set_state_value -category Globals -key recent_sessions -value {{gui_load_session -ignore_errors -file /home/cc/eecs151/fa23/class/eecs151-aeq/asic_labs_fa23/lab5/build/sim-rundir/session.vcdplus.vpd.tcl} {gui_load_session -ignore_errors -file /home/cc/eecs151/fa23/class/eecs151-aeq/asic_labs_fa23/lab6/build/sim-rundir/session.vcdplus.vpd.tcl} {gui_load_session -ignore_errors -file /home/cc/eecs151/fa23/class/eecs151-aeq/asic_labs_fa23/lab5/build/sim-rundir/session1.vcdplus.vpd.tcl}}
gui_set_state_value -category Layout -key child_console_size_x -value 1917
gui_set_state_value -category Layout -key child_console_size_y -value 169
gui_set_state_value -category Layout -key child_data_coltype -value 110
gui_set_state_value -category Layout -key child_data_colvalue -value 55
gui_set_state_value -category Layout -key child_data_colvariable -value 214
gui_set_state_value -category Layout -key child_data_size_x -value 387
gui_set_state_value -category Layout -key child_data_size_y -value 747
gui_set_state_value -category Layout -key child_driver_size_x -value 1618
gui_set_state_value -category Layout -key child_driver_size_y -value 179
gui_set_state_value -category Layout -key child_hier_col3 -value {-1}
gui_set_state_value -category Layout -key child_hier_colhier -value 336
gui_set_state_value -category Layout -key child_hier_colpd -value 0
gui_set_state_value -category Layout -key child_hier_coltype -value 108
gui_set_state_value -category Layout -key child_hier_size_x -value 437
gui_set_state_value -category Layout -key child_hier_size_y -value 747
gui_set_state_value -category Layout -key child_memory_docknewline -value false
gui_set_state_value -category Layout -key child_memory_pos_x -value {-2}
gui_set_state_value -category Layout -key child_memory_pos_y -value {-15}
gui_set_state_value -category Layout -key child_memory_size_x -value 1204
gui_set_state_value -category Layout -key child_memory_size_y -value 729
gui_set_state_value -category Layout -key child_schematic_docknewline -value false
gui_set_state_value -category Layout -key child_schematic_pos_x -value {-2}
gui_set_state_value -category Layout -key child_schematic_pos_y -value {-15}
gui_set_state_value -category Layout -key child_schematic_size_x -value 1117
gui_set_state_value -category Layout -key child_schematic_size_y -value 744
gui_set_state_value -category Layout -key child_source_docknewline -value false
gui_set_state_value -category Layout -key child_source_pos_x -value {-2}
gui_set_state_value -category Layout -key child_source_pos_y -value {-15}
gui_set_state_value -category Layout -key child_source_size_x -value 1096
gui_set_state_value -category Layout -key child_source_size_y -value 742
gui_set_state_value -category Layout -key child_wave_colname -value 276
gui_set_state_value -category Layout -key child_wave_colvalue -value 276
gui_set_state_value -category Layout -key child_wave_left -value 557
gui_set_state_value -category Layout -key child_wave_right -value 1357
gui_set_state_value -category Layout -key main_pos_x -value 1
gui_set_state_value -category Layout -key main_pos_y -value 56
gui_set_state_value -category Layout -key main_size_x -value 1918
gui_set_state_value -category Layout -key main_size_y -value 1053
gui_set_state_value -category Layout -key stand_wave_child_docknewline -value false
gui_set_state_value -category Layout -key stand_wave_child_pos_x -value {-2}
gui_set_state_value -category Layout -key stand_wave_child_pos_y -value {-15}
gui_set_state_value -category Layout -key stand_wave_child_size_x -value 1924
gui_set_state_value -category Layout -key stand_wave_child_size_y -value 912
gui_set_state_value -category Layout -key stand_wave_top_pos_x -value 59
gui_set_state_value -category Layout -key stand_wave_top_pos_y -value 56
gui_set_state_value -category Layout -key stand_wave_top_size_x -value 1978
gui_set_state_value -category Layout -key stand_wave_top_size_y -value 1054
gui_create_state_key -category FindDialog -key m_pMatchCase -value_type bool -value false
gui_create_state_key -category FindDialog -key m_pMatchWord -value_type bool -value false
gui_create_state_key -category FindDialog -key m_pUseCombo -value_type string -value {}
gui_create_state_key -category FindDialog -key m_pWrapAround -value_type bool -value true
gui_create_state_key -category Widget_History -key TopLevel.1|qt_left_dock|DockWnd2|DLPane.1|pages|Data.1|hbox|textfilter -value_type string -value {we initializing intermediate b_stored}
gui_state_default_create -off

# Begin command logging
gui_open_db -file vcdplus.vpd
gui_list_expand -id  Hier.1   dut_tb
gui_list_select -id Hier.1 -current_item_name dut_tb.d -current_item_type Scope  -selected  { dut_tb.d   }
gui_list_select -id Data.1 -selected  { dut_tb.d.clk   }
gui_open_window Wave
gui_list_add -id Wave.1 -from Data.1 { dut_tb.d.clk } -insertionbar
gui_list_select -id Data.1 -selected  { dut_tb.d.A   }
gui_list_add -id Wave.1 -from Data.1 { dut_tb.d.A } -insertionbar
gui_list_select -id Data.1 -selected  { dut_tb.d.B   }
gui_list_add -id Wave.1 -from Data.1 { dut_tb.d.B } -insertionbar
gui_list_select -id Data.1 -selected  { dut_tb.d.X   }
gui_list_add -id Wave.1 -from Data.1 { dut_tb.d.X } -insertionbar
gui_list_select -id Data.1 -selected  { dut_tb.d.Z   }
gui_list_add -id Wave.1 -from Data.1 { dut_tb.d.Z } -insertionbar
gui_wv_zoom_timerange -id  Wave.1 0 443
gui_zoom -window Wave.1 -full
gui_wv_scroll_hslidermove -id  Wave.1 0
gui_marker_move -id  Wave.1 C1 620
gui_wv_zoom_timerange -id  Wave.1 0 4024
gui_wv_zoom_timerange -id  Wave.1 0 4000
gui_list_select -id Wave.1 -selected  { dut_tb.d.B   }
gui_marker_move -id  Wave.1 C1 108
gui_marker_move -id  Wave.1 C1 235
gui_marker_move -id  Wave.1 C1 587
gui_save_session -reload -default_file
gui_set_pref_value -category {Globals} -key {use_mhpi_lookup} -value {false}
gui_set_pref_value -category {Globals} -key {use_mhpi_lookup} -value {true}
gui_save_session -reload -default_file
gui_set_pref_value -category {Globals} -key {use_mhpi_lookup} -value {false}
gui_set_pref_value -category {Globals} -key {use_mhpi_lookup} -value {true}
gui_save_session -reload -default_file
gui_set_pref_value -category {Globals} -key {use_mhpi_lookup} -value {false}
gui_set_pref_value -category {Globals} -key {use_mhpi_lookup} -value {true}
gui_list_select -id Wave.1 -selected  { dut_tb.d.clk   }
gui_save_session -reload -default_file
gui_set_pref_value -category {Globals} -key {use_mhpi_lookup} -value {false}
gui_set_pref_value -category {Globals} -key {use_mhpi_lookup} -value {true}
gui_save_session -reload -default_file
gui_set_pref_value -category {Globals} -key {use_mhpi_lookup} -value {false}
gui_set_pref_value -category {Globals} -key {use_mhpi_lookup} -value {true}
gui_save_session -reload -default_file
gui_set_pref_value -category {Globals} -key {use_mhpi_lookup} -value {false}
gui_set_pref_value -category {Globals} -key {use_mhpi_lookup} -value {true}
gui_save_session -reload -default_file
gui_set_pref_value -category {Globals} -key {use_mhpi_lookup} -value {false}
gui_set_pref_value -category {Globals} -key {use_mhpi_lookup} -value {true}
gui_wv_zoom_timerange -id  Wave.1 1499 4030
gui_zoom -window Wave.1 -full
gui_wv_zoom_timerange -id  Wave.1 1506 5517
gui_wv_scroll_hslidermove -id  Wave.1 493
gui_set_time_units 1ns
eval gui_wv_zoom_timerange {-id Wave.1 1.5 5.5}
gui_zoom -window Wave.1 -full
gui_marker_move -id  Wave.1 C1 0.004
gui_set_time 0.00 -id TopLevel.2
gui_close_window -window TopLevel.2
