# Preference setting overrides
gui_create_pref_key -category {Globals} -key {load_detail_for_funcov} -value_type {bool} -value {false}
gui_create_pref_category -category {schem_obj_name}
gui_create_pref_key -category {schem_obj_name} -key {show_cell_and_pin_with_symbol_name} -value_type {bool} -value {false}
gui_create_pref_key -category {schem_pin_hc} -key {textExtFont} -value_type {string} -value {Helvetica,10,-1,5,50,0,0,0,0,0}

# State setting overrides
gui_state_default_create -off -ini
gui_set_state_value -category Globals -key recent_databases -value {{gui_open_db -file /home/cc/eecs151/fa23/class/eecs151-aeq/asic_labs_fa23/lab6/build/sim-rundir/vcdplus.vpd -design V1} {gui_open_db -file vcdplus.vpd} {gui_open_db -file /home/cc/eecs151/fa23/class/eecs151-aeq/asic_labs_fa23/lab5/build/sim-rundir/vcdplus.vpd -design V1} {gui_open_db -file vcdplus.vpd -design V1} {gui_open_db -file /home/cc/eecs151/fa23/class/eecs151-aeq/asic_labs_fa23/lab4/build/sim-rundir/vcdplus.vpd -design V1}}
gui_set_state_value -category Globals -key recent_sessions -value {{gui_load_session -ignore_errors -file /home/cc/eecs151/fa23/class/eecs151-aeq/asic_labs_fa23/lab6/build/sim-rundir/session.vcdplus.vpd.tcl} {gui_load_session -ignore_errors -file /home/cc/eecs151/fa23/class/eecs151-aeq/asic_labs_fa23/lab5/build/sim-rundir/session1.vcdplus.vpd.tcl}}
gui_set_state_value -category Layout -key child_console_size_x -value 1906
gui_set_state_value -category Layout -key child_console_size_y -value 171
gui_set_state_value -category Layout -key child_data_coltype -value 104
gui_set_state_value -category Layout -key child_data_colvalue -value 49
gui_set_state_value -category Layout -key child_data_colvariable -value 192
gui_set_state_value -category Layout -key child_data_size_x -value 344
gui_set_state_value -category Layout -key child_data_size_y -value 745
gui_set_state_value -category Layout -key child_driver_size_x -value 1618
gui_set_state_value -category Layout -key child_driver_size_y -value 179
gui_set_state_value -category Layout -key child_hier_col3 -value {-1}
gui_set_state_value -category Layout -key child_hier_colhier -value 336
gui_set_state_value -category Layout -key child_hier_colpd -value 0
gui_set_state_value -category Layout -key child_hier_coltype -value 108
gui_set_state_value -category Layout -key child_hier_size_x -value 439
gui_set_state_value -category Layout -key child_hier_size_y -value 745
gui_set_state_value -category Layout -key child_memory_docknewline -value false
gui_set_state_value -category Layout -key child_memory_pos_x -value {-2}
gui_set_state_value -category Layout -key child_memory_pos_y -value {-15}
gui_set_state_value -category Layout -key child_memory_size_x -value 1204
gui_set_state_value -category Layout -key child_memory_size_y -value 729
gui_set_state_value -category Layout -key child_schematic_docknewline -value false
gui_set_state_value -category Layout -key child_schematic_pos_x -value {-2}
gui_set_state_value -category Layout -key child_schematic_pos_y -value {-15}
gui_set_state_value -category Layout -key child_schematic_size_x -value 1117
gui_set_state_value -category Layout -key child_schematic_size_y -value 744
gui_set_state_value -category Layout -key child_source_docknewline -value false
gui_set_state_value -category Layout -key child_source_pos_x -value {-2}
gui_set_state_value -category Layout -key child_source_pos_y -value {-15}
gui_set_state_value -category Layout -key child_source_size_x -value 1126
gui_set_state_value -category Layout -key child_source_size_y -value 740
gui_set_state_value -category Layout -key child_wave_colname -value 277
gui_set_state_value -category Layout -key child_wave_colvalue -value 276
gui_set_state_value -category Layout -key child_wave_left -value 557
gui_set_state_value -category Layout -key child_wave_right -value 1357
gui_set_state_value -category Layout -key main_pos_x -value 7
gui_set_state_value -category Layout -key main_pos_y -value 56
gui_set_state_value -category Layout -key main_size_x -value 1913
gui_set_state_value -category Layout -key main_size_y -value 1053
gui_set_state_value -category Layout -key stand_wave_child_docknewline -value false
gui_set_state_value -category Layout -key stand_wave_child_pos_x -value {-2}
gui_set_state_value -category Layout -key stand_wave_child_pos_y -value {-15}
gui_set_state_value -category Layout -key stand_wave_child_size_x -value 1924
gui_set_state_value -category Layout -key stand_wave_child_size_y -value 912
gui_set_state_value -category Layout -key stand_wave_top_pos_x -value 26
gui_set_state_value -category Layout -key stand_wave_top_pos_y -value 56
gui_set_state_value -category Layout -key stand_wave_top_size_x -value 1945
gui_set_state_value -category Layout -key stand_wave_top_size_y -value 1054
gui_create_state_key -category FindDialog -key m_pMatchCase -value_type bool -value false
gui_create_state_key -category FindDialog -key m_pMatchWord -value_type bool -value false
gui_create_state_key -category FindDialog -key m_pUseCombo -value_type string -value {}
gui_create_state_key -category FindDialog -key m_pWrapAround -value_type bool -value true
gui_create_state_key -category Widget_History -key TopLevel.1|qt_left_dock|DockWnd2|DLPane.1|pages|Data.1|hbox|textfilter -value_type string -value {we initializing intermediate b_stored}
gui_state_default_create -off

# Begin command logging
gui_open_db -file vcdplus.vpd
gui_wv_zoom_timerange -id  Wave.1 852.713 974.074
gui_zoom -window Wave.1 -full
gui_wv_zoom_timerange -id  Wave.1 0 4408.486
gui_list_select -id Wave.1 -selected  { dot_product_tb.dut.processing   }
gui_marker_move -id  Wave.1 C1 4329.351
gui_marker_move -id  Wave.1 C1 4190
gui_marker_move -id  Wave.1 C1 4342.541
gui_zoom -window Wave.1 -full
gui_wv_zoom_timerange -id  Wave.1 201.204 1571.309
gui_marker_move -id  Wave.1 C1 204.952
gui_marker_move -id  Wave.1 C1 1568.909
gui_marker_move -id  Wave.1 C1 201.878
eval gui_wv_zoom_timerange {-id Wave.1 200 1570}
eval gui_wv_zoom_timerange {-id Wave.1 200 1570}
gui_marker_move -id  Wave.1 C1 1375.123
gui_marker_move -id  Wave.1 C1 528.736
gui_marker_move -id  Wave.1 C1 220.537
gui_marker_move -id  Wave.1 C1 210
gui_marker_select -id  Wave.1 { C1 }
gui_marker_move -id  Wave.1 C1 278.714
gui_wv_zoom_timerange -id  Wave.1 211.085 1580.06
gui_marker_move -id  Wave.1 C1 220.537
gui_save_session -reload -default_file
gui_set_pref_value -category {Globals} -key {use_mhpi_lookup} -value {false}
gui_set_pref_value -category {Globals} -key {use_mhpi_lookup} -value {true}
gui_marker_move -id  Wave.1 C1 1577.854
eval gui_wv_zoom_timerange {-id Wave.1 210 1580}
eval gui_wv_zoom_timerange {-id Wave.1 210 530}
gui_list_select -id Wave.1 -selected  { {dot_product_tb.dut.addr[5:0]}   }
gui_list_set_selected_property -id Wave.1 -radix decimal
gui_list_select -id Wave.1 -selected  { {dot_product_tb.dut.din[31:0]}   }
gui_list_set_selected_property -id Wave.1 -radix decimal
gui_list_select -id Wave.1 -selected  { {dot_product_tb.dut.dout[31:0]}   }
gui_list_set_selected_property -id Wave.1 -radix decimal
gui_list_select -id Wave.1 -selected  { {dot_product_tb.dut.b_cache[31:0]}   }
gui_get_drivers -id Wave.1 -signal {dot_product_tb.dut.b_cache[31:0]}
gui_list_set_selected_property -id Wave.1 -radix decimal
gui_list_select -id Wave.1 -selected  { {dot_product_tb.dut.c_data[31:0]}   }
gui_list_set_selected_property -id Wave.1 -radix decimal
gui_list_select -id Wave.1 -selected  { {dot_product_tb.dut.a_len[5:0]}   }
gui_list_set_selected_property -id Wave.1 -radix decimal
gui_list_select -id Wave.1 -selected  { {dot_product_tb.dut.b_len[5:0]}   }
gui_list_set_selected_property -id Wave.1 -radix decimal
gui_wv_scroll_hslidermove -id  Wave.1 3634
gui_list_select -id Wave.1 -selected  { {dot_product_tb.dut.dout[31:0]}   }
gui_list_select -id Wave.1 -selected  { {dot_product_tb.dut.b_cache[31:0]}   }
gui_zoom -window Wave.1 -factor 0.5
gui_wv_scroll_hslidermove -id  Wave.1 1790
gui_list_expand -id  Hier.1   dot_product_tb
gui_list_select -id Hier.1 -current_item_name dot_product_tb.dut -current_item_type Scope  -selected  { dot_product_tb.dut   }
gui_list_expand -id  Hier.1   dot_product_tb.dut
gui_use_schematics 
gui_sch_show -name dot_product_tb.dut
gui_zoom -window Schematic.1 -rect { {-9585 -4079} {19610 14105} }
gui_zoom -window Schematic.1 -rect { {-21353 -4361310} {7582553 374758} }
gui_zoom -window Schematic.1 -rect { {-21353 -4361310} {7582553 374758} }
gui_zoom -window Schematic.1 -rect { {-21353 -4361310} {7582553 374758} }
gui_zoom -window Schematic.1 -rect { {-225628 -4485036} {7778483 500299} }
gui_zoom -window Schematic.1 -rect { {-436071 -4617948} {7989309 629773} }
gui_zoom -window Schematic.1 -rect { {-651962 -4760669} {8216859 763248} }
gui_zoom -window Schematic.1 -rect { {-889373 -4905401} {8446228 909249} }
gui_zoom -window Schematic.1 -rect { {-1132151 -5051513} {8694798 1069170} }
gui_zoom -window Schematic.1 -rect { {-1388645 -5217038} {8955512 1225787} }
gui_zoom -window Schematic.1 -rect { {-1143919 -5065647} {8707660 1070376} }
gui_zoom -window Schematic.1 -rect { {-910846 -4915086} {8471610 928747} }
gui_zoom -window Schematic.1 -rect { {-487850 -4653710} {8041655 658865} }
gui_zoom -window Schematic.1 -rect { {-99091 -4409769} {7655005 419844} }
gui_zoom -window Schematic.1 -rect { {12111 -4189922} {7061288 200636} }
gui_zoom -window Schematic.1 -rect { {-37191 -4089493} {6676312 91991} }
gui_zoom -window Schematic.1 -rect { {-87622 -3990079} {6306190 -7713} }
gui_zoom -window Schematic.1 -rect { {-133168 -3892086} {5956177 -99357} }
gui_zoom -window Schematic.1 -rect { {-179437 -3801126} {5619940 -189003} }
gui_zoom -window Schematic.1 -rect { {-220999 -3716750} {5302218 -276633} }
gui_zoom -window Schematic.1 -rect { {-262966 -3633770} {4997240 -357467} }
gui_zoom -window Schematic.1 -rect { {-300437 -3557012} {4709284 -436723} }
gui_zoom -window Schematic.1 -rect { {-338070 -3481746} {4433093 -510043} }
gui_zoom -window Schematic.1 -rect { {-371439 -3412330} {4172526 -582136} }
gui_zoom -window Schematic.1 -rect { {-412635 -3344454} {3914950 -649031} }
gui_zoom -window Schematic.1 -rect { {-452804 -3282052} {3668706 -714983} }
gui_zoom -window Schematic.1 -rect { {-401510 -3162480} {3345317 -828780} }
gui_zoom -window Schematic.1 -rect { {-434186 -3108291} {3134222 -885720} }
gui_zoom -window Schematic.1 -rect { {-465921 -3055757} {2932562 -939023} }
gui_zoom -window Schematic.1 -rect { {-496586 -3004992} {2740065 -989055} }
gui_zoom -window Schematic.1 -rect { {-375157 -2961675} {2707368 -1041734} }
gui_zoom -window Schematic.1 -rect { {-261507 -2919755} {2674231 -1091240} }
gui_zoom -window Schematic.1 -rect { {-152762 -2879324} {2643179 -1137881} }
gui_zoom -window Schematic.1 -rect { {-48954 -2840456} {2613847 -1181939} }
gui_zoom -window Schematic.1 -rect { {49911 -2803209} {2585912 -1223669} }
gui_zoom -window Schematic.1 -rect { {143849 -2769816} {2559089 -1265492} }
gui_zoom -window Schematic.1 -rect { {232897 -2737909} {2533125 -1305219} }
gui_zoom -window Schematic.1 -rect { {307178 -2701563} {2497872 -1337097} }
gui_zoom -window Schematic.1 -rect { {379530 -2665435} {2465905 -1365943} }
gui_zoom -window Schematic.1 -rect { {447896 -2631567} {2434919 -1393955} }
gui_zoom -window Schematic.1 -rect { {510604 -2598197} {2403008 -1419519} }
gui_zoom -window Schematic.1 -rect { {610738 -2540487} {2331105 -1468962} }
gui_zoom -window Schematic.1 -rect { {660352 -2510704} {2298796 -1490204} }
gui_zoom -window Schematic.1 -rect { {692536 -2474841} {2252960 -1502936} }
gui_zoom -window Schematic.1 -rect { {758127 -2420053} {2176694 -1536503} }
gui_zoom -window Schematic.1 -rect { {786911 -2387717} {2137928 -1546241} }
gui_zoom -window Schematic.1 -rect { {843366 -2338723} {2071563 -1573745} }
gui_zoom -window Schematic.1 -rect { {867863 -2310726} {2037574 -1582175} }
gui_zoom -window Schematic.1 -rect { {891143 -2283810} {2005154 -1589952} }
gui_zoom -window Schematic.1 -rect { {913123 -2259041} {1974085 -1598224} }
gui_zoom -window Schematic.1 -rect { {934651 -2235452} {1945091 -1606103} }
gui_zoom -window Schematic.1 -rect { {953801 -2212245} {1916125 -1612864} }
gui_zoom -window Schematic.1 -rect { {993141 -2176950} {1867981 -1632058} }
gui_zoom -window Schematic.1 -rect { {1010024 -2156819} {1843205 -1637875} }
gui_zoom -window Schematic.1 -rect { {1025923 -2138258} {1819429 -1644026} }
gui_zoom -window Schematic.1 -rect { {1042127 -2074676} {1797847 -1603978} }
gui_zoom -window Schematic.1 -rect { {1057070 -2012523} {1776803 -1564240} }
gui_zoom -window Schematic.1 -rect { {1086670 -1942881} {1740973 -1535351} }
gui_zoom -window Schematic.1 -rect { {1113472 -1878761} {1708293 -1508279} }
gui_zoom -window Schematic.1 -rect { {1124617 -1828789} {1691114 -1475948} }
gui_zoom -window Schematic.1 -rect { {1135599 -1781171} {1675119 -1445132} }
gui_zoom -window Schematic.1 -rect { {1141585 -1756062} {1655414 -1436025} }
gui_zoom -window Schematic.1 -rect { {1147086 -1732503} {1636447 -1427706} }
gui_zoom -window Schematic.1 -rect { {1152431 -1709728} {1618489 -1419446} }
gui_zoom -window Schematic.1 -rect { {1157482 -1688320} {1601346 -1411860} }
gui_zoom -window Schematic.1 -rect { {1162119 -1667988} {1584847 -1404693} }
gui_zoom -window Schematic.1 -rect { {1166609 -1648497} {1569207 -1397740} }
gui_zoom -window Schematic.1 -rect { {1170815 -1630003} {1554242 -1391187} }
gui_zoom -window Schematic.1 -rect { {1155629 -1624313} {1559237 -1372928} }
gui_zoom -window Schematic.1 -rect { {1139452 -1618285} {1564302 -1353669} }
gui_zoom -window Schematic.1 -rect { {1122423 -1612122} {1569634 -1333579} }
gui_zoom -window Schematic.1 -rect { {1104712 -1605657} {1575459 -1312453} }
gui_zoom -window Schematic.1 -rect { {1086068 -1598693} {1581592 -1290058} }
gui_zoom -window Schematic.1 -rect { {1066182 -1591481} {1587787 -1266602} }
gui_zoom -window Schematic.1 -rect { {1045176 -1583840} {1594233 -1241862} }
gui_zoom -window Schematic.1 -rect { {1023195 -1576609} {1601150 -1216632} }
gui_zoom -window Schematic.1 -rect { {964693 -1590480} {1644640 -1166977} }
gui_zoom -window Schematic.1 -rect { {917843 -1593425} {1673340 -1122866} }
gui_zoom -window Schematic.1 -rect { {887597 -1583403} {1682857 -1088078} }
gui_zoom -window Schematic.1 -rect { {856936 -1570842} {1694051 -1049448} }
gui_zoom -window Schematic.1 -rect { {799593 -1573288} {1729722 -993961} }
gui_zoom -window Schematic.1 -rect { {736723 -1576755} {1770199 -933058} }
gui_zoom -window Schematic.1 -rect { {696631 -1561319} {1784500 -883743} }
gui_zoom -window Schematic.1 -rect { {654428 -1546058} {1799554 -832820} }
gui_zoom -window Schematic.1 -rect { {610223 -1526551} {1815618 -775774} }
gui_zoom -window Schematic.1 -rect { {563001 -1505499} {1831838 -715208} }
gui_zoom -window Schematic.1 -rect { {476086 -1507033} {1885905 -628932} }
gui_zoom -window Schematic.1 -rect { {420452 -1482210} {1904472 -557892} }
gui_zoom -window Schematic.1 -rect { {361890 -1456009} {1924016 -483044} }
gui_zoom -window Schematic.1 -rect { {300469 -1429697} {1944813 -405522} }
gui_zoom -window Schematic.1 -rect { {233148 -1568026} {1964036 -489948} }
gui_zoom -window Schematic.1 -rect { {162862 -1713637} {1984849 -578818} }
gui_zoom -window Schematic.1 -rect { {88007 -1868041} {2005889 -673494} }
gui_zoom -window Schematic.1 -rect { {10311 -2029382} {2029134 -771965} }
gui_zoom -window Schematic.1 -rect { {-70030 -2189582} {2055047 -865984} }
gui_zoom -window Schematic.1 -rect { {-152774 -2346957} {2084149 -953697} }
gui_zoom -window Schematic.1 -rect { {-233361 -2488920} {2121294 -1022330} }
gui_zoom -window Schematic.1 -rect { {-205160 -2593636} {2273425 -1049857} }
gui_zoom -window Schematic.1 -rect { {-178076 -2715454} {2430961 -1090424} }
gui_zoom -window Schematic.1 -rect { {-150065 -2843684} {2596290 -1133125} }
gui_zoom -window Schematic.1 -rect { {-134339 -2965164} {2756561 -1164577} }
gui_zoom -window Schematic.1 -rect { {19298 -2993121} {2772536 -1278276} }
gui_zoom -window Schematic.1 -rect { {165738 -3020816} {2787870 -1387630} }
gui_zoom -window Schematic.1 -rect { {304978 -3045834} {2802246 -1490419} }
gui_zoom -window Schematic.1 -rect { {439205 -3070523} {2817556 -1589175} }
gui_zoom -window Schematic.1 -rect { {566116 -3094755} {2831212 -1683948} }
gui_zoom -window Schematic.1 -rect { {687766 -3116465} {2845001 -1772838} }
gui_zoom -window Schematic.1 -rect { {796546 -3137699} {2851055 -1858055} }
gui_zoom -window Schematic.1 -rect { {865020 -3055476} {2821696 -1836767} }
gui_zoom -window Schematic.1 -rect { {928545 -2973959} {2792045 -1813283} }
gui_zoom -window Schematic.1 -rect { {988884 -2896805} {2763646 -1791400} }
gui_zoom -window Schematic.1 -rect { {1047499 -2822407} {2737749 -1769640} }
gui_zoom -window Schematic.1 -rect { {1099747 -2756732} {2709509 -1754097} }
gui_zoom -window Schematic.1 -rect { {1150201 -2779666} {2683308 -1824776} }
gui_zoom -window Schematic.1 -rect { {1201298 -2795617} {2661400 -1886198} }
gui_zoom -window Schematic.1 -rect { {1251223 -2806712} {2641796 -1940598} }
gui_zoom -window Schematic.1 -rect { {1299671 -2817158} {2624026 -1992287} }
gui_zoom -window Schematic.1 -rect { {1345240 -2826992} {2606531 -2041401} }
gui_zoom -window Schematic.1 -rect { {1394411 -2800310} {2595640 -2052128} }
gui_zoom -window Schematic.1 -rect { {1441033 -2775469} {2585061 -2062915} }
gui_zoom -window Schematic.1 -rect { {1485978 -2751416} {2575529 -20gui_marker_move -id  Wave.1 C1 970
gui_marker_move -id  Wave.1 C1 970
gui_marker_move -id  Wave.1 C1 983.695
gui_marker_move -id  Wave.1 C1 990
gui_marker_move -id  Wave.1 C1 1022.947
gui_marker_move -id  Wave.1 C1 971.533
gui_marker_move -id  Wave.1 C1 950
gui_marker_move -id  Wave.1 C1 950
gui_marker_move -id  Wave.1 C1 970
gui_marker_move -id  Wave.1 C1 992.311
gui_marker_move -id  Wave.1 C1 970
gui_close_window -window TopLevel.2
1 -2631415} {2524691 -2125015} }
gui_zoom -window Schematic.1 -rect { {1743137 -2614812} {2517460 -2132527} }
gui_zoom -window Schematic.1 -rect { {1773089 -2598565} {2510540 -2139246} }
gui_zoom -window Schematic.1 -rect { {1801966 -2583410} {2504300 -2145964} }
gui_zoom -window Schematic.1 -rect { {1829528 -2568735} {2498418 -2152119} }
gui_zoom -window Schematic.1 -rect { {1855576 -2554614} {2492614 -2157837} }
gui_zoom -window Schematic.1 -rect { {1880493 -2541110} {2487196 -2163227} }
gui_zoom -window Schematic.1 -rect { {1904067 -2528276} {2481879 -2168387} }
gui_zoom -window Schematic.1 -rect { {1939022 -2508464} {2464306 -2181293} }
gui_zoom -window Schematic.1 -rect { {1956416 -2501230} {2456686 -2189638} }
gui_zoom -window Schematic.1 -rect { {1973370 -2494448} {2449818 -2197694} }
gui_zoom -window Schematic.1 -rect { {1989209 -2488154} {2442969 -2205531} }
gui_zoom -window Schematic.1 -rect { {2004548 -2481983} {2436700 -2212819} }
gui_zoom -window Schematic.1 -rect { {2019138 -2476013} {2430711 -2219666} }
gui_zoom -window Schematic.1 -rect { {2032766 -2470309} {2424741 -2226169} }
gui_zoom -window Schematic.1 -rect { {2045932 -2465605} {2419242 -2233090} }
gui_zoom -window Schematic.1 -rect { {2058068 -2465718} {2413601 -2244275} }
gui_zoom -window Schematic.1 -rect { {2069626 -2465748} {2408229 -2254851} }
gui_zoom -window Schematic.1 -rect { {2080677 -2465763} {2403156 -2264908} }
gui_zoom -window Schematic.1 -rect { {2091272 -2465819} {2398395 -2274528} }
gui_zoom -window Schematic.1 -rect { {2107903 -2461288} {2387105 -2287387} }
gui_zoom -window Schematic.1 -rect { {2122006 -2458780} {2387913 -2293161} }
gui_zoom -window Schematic.1 -rect { {2135495 -2455842} {2388740 -2298109} }
gui_zoom -window Schematic.1 -rect { {2148571 -2452824} {2389757 -2302602} }
gui_zoom -window Schematic.1 -rect { {2160972 -2449815} {2390673 -2306746} }
gui_zoom -window Schematic.1 -rect { {2172873 -2446889} {2391635 -2310634} }
gui_zoom -window Schematic.1 -rect { {2184216 -2443735} {2392561 -2313968} }
gui_zoom -window Schematic.1 -rect { {2189909 -2438302} {2388333 -2314714} }
gui_zoom -window Schematic.1 -rect { {2195246 -2433051} {2384222 -2315348} }
gui_zoom -window Schematic.1 -rect { {2200329 -2427886} {2380306 -2315789} }
gui_zoom -window Schematic.1 -rect { {2205232 -2423046} {2376638 -2316286} }
gui_zoom -window Schematic.1 -rect { {2209857 -2418428} {2373101 -2316752} }
gui_zoom -window Schematic.1 -rect { {2214255 -2413953} {2369725 -2317118} }
gui_zoom -window Schematic.1 -rect { {2218457 -2409691} {2366524 -2317467} }
gui_zoom -window Schematic.1 -rect { {2222478 -2405702} {2363494 -2317870} }
gui_zoom -window Schematic.1 -rect { {2229347 -2399983} {2357543 -2320136} }
gui_zoom -window Schematic.1 -rect { {2235612 -2394732} {2352155 -2322144} }
gui_zoom -window Schematic.1 -rect { {2241327 -2390006} {2347275 -2324017} }
gui_zoom -window Schematic.1 -rect { {2244342 -2387065} {2345244 -2324218} }
gui_zoom -window Schematic.1 -rect { {2247213 -2384251} {2343310 -2324397} }
gui_zoom -window Schematic.1 -rect { {2249947 -2381546} {2341468 -2324542} }
gui_zoom -window Schematic.1 -rect { {2254518 -2377699} {2337719 -2325877} }
gui_zoom -window Schematic.1 -rect { {2256828 -2375353} {2336067 -2325999} }
gui_zoom -window Schematic.1 -rect { {2259072 -2373082} {2334538 -2326078} }
gui_zoom -window Schematic.1 -rect { {2261196 -2370889} {2333069 -2326124} }
gui_zoom -window Schematic.1 -rect { {2263207 -2368782} {2331657 -2326148} }
gui_zoom -window Schematic.1 -rect { {2265157 -2366770} {2330348 -2326166} }
gui_zoom -window Schematic.1 -rect { {2266967 -2364862} {2329053 -2326191} }
gui_zoom -window Schematic.1 -rect { {2268720 -2363068} {2327850 -2326240} }
gui_zoom -window Schematic.1 -rect { {2267403 -2363218} {2329645 -2324451} }
gui_zoom -window Schematic.1 -rect { {2266016 -2363417} {2331533 -2322609} }
gui_zoom -window Schematic.1 -rect { {2260495 -2366069} {2337575 -2318060} }
gui_zoom -window Schematic.1 -rect { {2258719 -2366279} {2339855 -2315743} }
gui_zoom -window Schematic.1 -rect { {2256841 -2366495} {2342248 -2313300} }
gui_zoom -window Schematic.1 -rect { {2254864 -2366711} {2344766 -2310716} }
gui_zoom -window Schematic.1 -rect { {2252861 -2366922} {2347495 -2307979} }
gui_zoom -window Schematic.1 -rect { {2250721 -2367215} {2350335 -2305171} }
gui_zoom -window Schematic.1 -rect { {2245593 -2369252} {2356276 -2300314} }
gui_zoom -window Schematic.1 -rect { {2243084 -2369553} {2359592 -2296986} }
gui_zoom -window Schematic.1 -rect { {2240427 -2369898} {2363067 -2293512} }
gui_zoom -window Schematic.1 -rect { {2237595 -2370202} {2366689 -2289796} }
gui_zoom -window Schematic.1 -rect { {2234663 -2370615} {2370552 -2285977} }
gui_zoom -window Schematic.1 -rect { {2231576 -2370932} {2374617 -2281840} }
gui_zoom -window Schematic.1 -rect { {2228389 -2371322} {2378958 -2277540} }
gui_zoom -window Schematic.1 -rect { {2225005 -2371702} {2383499 -2272985} }
gui_zoom -window Schematic.1 -rect { {2221443 -2372133} {2388279 -2268220} }
gui_zoom -window Schematic.1 -rect { {2217709 -2372531} {2393326 -2263149} }
gui_zoom -window Schematic.1 -rect { {2208563 -2376282} {2403693 -2254746} }
gui_zoom -window Schematic.1 -rect { {2204168 -2376766} {2409568 -2248833} }
gui_zoom -window Schematic.1 -rect { {2199464 -2377393} {2415674 -2242727} }
gui_zoom -window Schematic.1 -rect { {2194553 -2377888} {2422143 -2236135} }
gui_zoom -window Schematic.1 -rect { {2189112 -2378573} {2428681 -2229358} }
gui_zoom -window Schematic.1 -rect { {2176611 -2383665} {2442799 -2217871} }
gui_zoom -window Schematic.1 -rect { {2170286 -2384516} {2450483 -2209996} }
gui_zoom -window Schematic.1 -rect { {2163681 -2385224} {2458626 -2201519} }
gui_zoom -window Schematic.1 -rect { {2156841 -2385956} {2467309 -2192582} }
gui_zoom -window Schematic.1 -rect { {2149508 -2386919} {2476316 -2183368} }
gui_zoom -window Schematic.1 -rect { {2141664 -2387746} {2485673 -2173481} }
gui_zoom -window Schematic.1 -rect { {2123610 -2394850} {2505842 -2156778} }
gui_zoom -window Schematic.1 -rect { {2114673 -2396017} {2517022 -2145415} }
gui_zoom -window Schematic.1 -rect { {2105054 -2396996} {2528580 -2133204} }
gui_zoom -window Schematic.1 -rect { {2095030 -2398067} {2540847 -2120392} }
gui_zoom -window Schematic.1 -rect { {2071453 -2407543} {2566805 -2099015} }
gui_zoom -window Schematic.1 -rect { {2059966 -2408843} {2581388 -2084076} }
gui_zoom -window Schematic.1 -rect { {2032600 -2419926} {2611958 -2059074} }
gui_zoom -window Schematic.1 -rect { {2019081 -2421640} {2628932 -2041796} }
gui_zoom -window Schematic.1 -rect { {2004909 -2423328} {2646858 -2023492} }
gui_zoom -window Schematic.1 -rect { {1971024 -2436972} {2684300 -1992710} }
gui_zoom -window Schematic.1 -rect { {1954313 -2439253} {2705130 -1971609} }
gui_zoom -window Schematic.1 -rect { {1936829 -2441116} {2727163 -1948859} }
gui_zoom -window Schematic.1 -rect { {1918124 -2443152} {2750055 -1924987} }
gui_zoom -window Schematic.1 -rect { {1889701 -2455617} {2765417 -1910180} }
gui_zoom -window Schematic.1 -rect { {1859657 -2469198} {2781463 -1895053} }
gui_zoom -window Schematic.1 -rect { {1828251 -2483009} {2798574 -1878647} }
gui_zoom -window Schematic.1 -rect { {1794868 -2498751} {2816261 -1862580} }
gui_zoom -window Schematic.1 -rect { {1759729 -2516540} {2834879 -1846887} }
gui_zoom -window Schematic.1 -rect { {1722073 -2537523} {2853809 -1832625} }
gui_zoom -window Schematic.1 -rect { {1673416 -2564147} {2864718 -1822148} }
gui_zoom -window Schematic.1 -rect { {1622824 -2592512} {2876826 -1811461} }
gui_zoom -window Schematic.1 -rect { {1532882 -2644683} {2926218 -1776849} }
gui_zoom -window Schematic.1 -rect { {1473976 -2677793} {2940645 -1764283} }
gui_zoom -window Schematic.1 -rect { {1411620 -2712506} {2955482 -1750916} }
gui_zoom -window Schematic.1 -rect { {1345982 -2748750} {2971100 -1736551} }
gui_zoom -window Schematic.1 -rect { {1275726 -2784886} {2986376 -1719413} }
gui_zoom -window Schematic.1 -rect { {1200874 -2822190} {3001559 -1700639} }
gui_zoom -window Schematic.1 -rect { {1123200 -2862230} {3018658 -1681650} }
gui_zoom -window Schematic.1 -rect { {1041257 -2903292} {3036475 -1660576} }
gui_zoom -window Schematic.1 -rect { {955191 -2947086} {3055421 -1638965} }
gui_zoom -window Schematic.1 -rect { {863192 -2993687} {3073961 -1616717} }
gui_zoom -window Schematic.1 -rect { {767301 -3041052} {3094427 -1591610} }
gui_zoom -window Schematic.1 -rect { {672249 -2924568} {3121854 -1398839} }
gui_zoom -window Schematic.1 -rect { {572076 -2802655} {3150608 -1196624} }
gui_zoom -window Schematic.1 -rect { {466878 -2672972} {3181122 -982413} }
gui_zoom -window Schematic.1 -rect { {356790 -2540478} {3213890 -760943} }
gui_zoom -window Schematic.1 -rect { {239272 -2400329} {3246745 -527134} }
gui_zoom -window Schematic.1 -rect { {269122 -2984258} {3434883 -1012474} }
gui_zoom -window Schematic.1 -rect { {271237 -3036072} {3603617 -960510} }
gui_zoom -window Schematic.1 -rect { {272827 -3090135} {3780595 -905333} }
gui_zoom -window Schematic.1 -rect { {283874 -3146375} {3976262 -846583} }
gui_zoom -window Schematic.1 -rect { {295326 -3208217} {4182051 -787383} }
gui_zoom -window Schematic.1 -rect { {296068 -3272387} {4387357 -724141} }
gui_zoom -window Schematic.1 -rect { {139890 -3338763} {4446509 -656398} }
gui_zoom -window Schematic.1 -rect { {-25331 -3407194} {4507953 -583652} }
gui_zoom -window Schematic.1 -rect { {-199680 -3481822} {4572199 -509673} }
gui_zoom -window Schematic.1 -rect { {-41657 -3558556} {4981373 -429978} }
gui_zoom -window Schematic.1 -rect { {138345 -3641966} {5425745 -348726} }
gui_zoom -window Schematic.1 -rect { {347500 -3727495} {5913184 -260926} }
gui_zoom -window Schematic.1 -rect { {567662 -3820181} {6426277 -171161} }
gui_zoom -window Schematic.1 -rect { {793263 -3914950} {6960226 -73877} }
gui_zoom -window Schematic.1 -rect { {1035150 -4017355} {7526691 25880} }
gui_zoom -window Schematic.1 -rect { {1287911 -4121742} {8121111 134294} }
gui_zoom -window Schematic.1 -rect { {690572 -4234232} {7883415 245806} }
gui_zoom -window Schematic.1 -rect { {-7535 -4355389} {7563878 360442} }
gui_zoom -window Schematic.1 -rect { {-7535 -4355389} {7563878 360442} }
gui_zoom -window Schematic.1 -rect { {-202990 -4478586} {7766919 485446} }
gui_schematic_select -id Schematic.1 -type {net net net net net net net net net net net net net net} -parent {dot_product_tb.dut dot_product_tb.dut dot_product_tb.dut dot_product_tb.dut dot_product_tb.dut dot_product_tb.dut dot_product_tb.dut dot_product_tb.dut dot_product_tb.dut dot_product_tb.dut dot_product_tb.dut dot_product_tb.dut dot_product_tb.dut dot_product_tb.dut} {{dot_product_tb.dut.b_len[3]} {dot_product_tb.dut.a_len[4]} dot_product_tb.dut.we {dot_product_tb.dut.b_len[4]} {dot_product_tb.dut.len[2]} dot_product_tb.dut.processing dot_product_tb.dut.n_1 dot_product_tb.dut.c_ready {dot_product_tb.dut.a_len[2]} dot_product_tb.dut.n_106 dot_product_tb.dut.c_valid_789 {dot_product_tb.dut.b_len[2]} {dot_product_tb.dut.a_len[3]} {dot_product_tb.dut.len[4]}}
gui_schematic_clear_selection -id Schematic.1
gui_schematic_select -id Schematic.1 -type {net net net net net net net net net net net net net net net net net net net net net net net net net net net net net net net net net net net net net net net net net net net net net net net net net net net net net net net net net net net net net net net net net net net net net net net net net net net net net net net net net net net net net net net net net net net net net net net net net net net net net net net net net net net net net net net net net net net net net net net net net net net net net net net net net net net net net net net net net net net net net net net net net net net net net net net net net net net net net net net net net net net net net net net net net net net net net net net net net net net net net net net net net net net net net net net net net net net net net net net net net net net net net net net net net net net net net net net net net net net net net net net net net net net net net net net net net net net net net net net net net net net net net net net net net net net} -parent {dot_product_tb.dut dot_product_tb.dut dot_product_tb.dut dot_product_tb.dut dot_product_tb.dut dot_product_tb.dut dot_product_tb.dut dot_product_tb.dut dot_product_tb.dut dot_product_tb.dut dot_product_tb.dut dot_product_tb.dut dot_product_tb.dut dot_product_tb.dut dot_product_tb.dut dot_product_tb.dut dot_product_tb.dut dot_product_tb.dut dot_product_tb.dut dot_product_tb.dut dot_product_tb.dut dot_product_tb.dut dot_product_tb.dut dot_product_tb.dut dot_product_tb.dut dot_product_tb.dut dot_product_tb.dut dot_product_tb.dut dot_product_tb.dut dot_product_tb.dut dot_product_tb.dut dot_product_tb.dut dot_product_tb.dut dot_product_tb.dut dot_product_tb.dut dot_product_tb.dut dot_product_tb.dut dot_product_tb.dut dot_product_tb.dut dot_product_tb.dut dot_product_tb.dut dot_product_tb.dut dot_product_tb.dut dot_product_tb.dut dot_product_tb.dut dot_product_tb.dut dot_product_tb.dut dot_product_tb.dut dot_product_tb.dut dot_product_tb.dut dot_product_tb.dut dot_product_tb.dut dot_product_tb.dut dot_product_tb.dut dot_product_tb.dut dot_product_tb.dut dot_product_tb.dut dot_product_tb.dut dot_product_tb.dut dot_product_tb.dut dot_product_tb.dut dot_product_tb.dut dot_product_tb.dut dot_product_tb.dut dot_product_tb.dut dot_product_tb.dut dot_product_tb.dut dot_product_tb.dut dot_product_tb.dut dot_product_tb.dut dot_product_tb.dut dot_product_tb.dut dot_product_tb.dut dot_product_tb.dut dot_product_tb.dut dot_product_tb.dut dot_product_tb.dut dot_product_tb.dut dot_product_tb.dut dot_product_tb.dut dot_product_tb.dut dot_product_tb.dut dot_product_tb.dut dot_product_tb.dut dot_product_tb.dut dot_product_tb.dut dot_product_tb.dut dot_product_tb.dut dot_product_tb.dut dot_product_tb.dut dot_product_tb.dut dot_product_tb.dut dot_product_tb.dut dot_product_tb.dut dot_product_tb.dut dot_product_tb.dut dot_product_tb.dut dot_product_tb.dut dot_product_tb.dut dot_product_tb.dut dot_product_tb.dut dot_product_tb.dut dot_product_tb.dut dot_product_tb.dut dot_product_tb.dut dot_product_tb.dut dot_product_tb.dut dot_product_tb.dut dot_product_tb.dut dot_product_tb.dut dot_product_tb.dut dot_product_tb.dut dot_product_tb.dut dot_product_tb.dut dot_product_tb.dut dot_product_tb.dut dot_product_tb.dut dot_product_tb.dut dot_product_tb.dut dot_product_tb.dut dot_product_tb.dut dot_product_tb.dut dot_product_tb.dut dot_product_tb.dut dot_product_tb.dut dot_product_tb.dut dot_product_tb.dut dot_product_tb.dut dot_product_tb.dut dot_product_tb.dut dot_product_tb.dut dot_product_tb.dut dot_product_tb.dut dot_product_tb.dut dot_product_tb.dut dot_product_tb.dut dot_product_tb.dut dot_product_tb.dut dot_product_tb.dut dot_product_tb.dut dot_product_tb.dut dot_product_tb.dut dot_product_tb.dut dot_product_tb.dut dot_product_tb.dut dot_product_tb.dut dot_product_tb.dut dot_product_tb.dut dot_product_tb.dut dot_product_tb.dut dot_product_tb.dut dot_product_tb.dut dot_product_tb.dut dot_product_tb.dut dot_product_tb.dut dot_product_tb.dut dot_product_tb.dut dot_product_tb.dut dot_product_tb.dut dot_product_tb.dut dot_product_tb.dut dot_product_tb.dut dot_product_tb.dut dot_product_tb.dut dot_product_tb.dut dot_product_tb.dut dot_product_tb.dut dot_product_tb.dut dot_product_tb.dut dot_product_tb.dut dot_product_tb.dut dot_product_tb.dut dot_product_tb.dut dot_product_tb.dut dot_product_tb.dut dot_product_tb.dut dot_product_tb.dut dot_product_tb.dut dot_product_tb.dut dot_product_tb.dut dot_product_tb.dut dot_product_tb.dut dot_product_tb.dut dot_product_tb.dut dot_product_tb.dut dot_product_tb.dut dot_product_tb.dut dot_product_tb.dut dot_product_tb.dut dot_product_tb.dut dot_product_tb.dut dot_product_tb.dut dot_product_tb.dut dot_product_tb.dut dot_product_tb.dut dot_product_tb.dut dot_product_tb.dut dot_product_tb.dut dot_product_tb.dut dot_product_tb.dut dot_product_tb.dut dot_product_tb.dut dot_product_tb.dut dot_product_tb.dut dot_product_tb.dut dot_product_tb.dut dot_product_tb.dut dot_product_tb.dut dot_product_tb.dut dot_product_tb.dut dot_product_tb.dut dot_product_tb.dut dot_product_tb.dut dot_product_tb.dut dot_product_tb.dut dot_product_tb.dut dot_product_tb.dut dot_product_tb.dut dot_product_tb.dut dot_product_tb.dut dot_product_tb.dut dot_product_tb.dut dot_product_tb.dut dot_product_tb.dut dot_product_tb.dut dot_product_tb.dut dot_product_tb.dut dot_product_tb.dut dot_product_tb.dut dot_product_tb.dut dot_product_tb.dut dot_product_tb.dut dot_product_tb.dut dot_product_tb.dut dot_product_tb.dut dot_product_tb.dut dot_product_tb.dut dot_product_tb.dut dot_product_tb.dut dot_product_tb.dut dot_product_tb.dut dot_product_tb.dut dot_product_tb.dut dot_product_tb.dut dot_product_tb.dut dot_product_tb.dut dot_product_tb.dut dot_product_tb.dut dot_product_tb.dut dot_product_tb.dut dot_product_tb.dut} {dot_product_tb.dut.csa_tree_add_110_40_groupi_n_844 dot_product_tb.dut.csa_tree_add_110_40_groupi_n_847 {dot_product_tb.dut.b_data[15]} {dot_product_tb.dut.dout[13]} dot_product_tb.dut.n_20 dot_product_tb.dut.n_21 dot_product_tb.dut.n_22 dot_product_tb.dut.csa_tree_add_110_40_groupi_n_422 {dot_product_tb.dut.b_data[6]} dot_product_tb.dut.csa_tree_add_110_40_groupi_n_423 dot_product_tb.dut.csa_tree_add_110_40_groupi_n_424 dot_product_tb.dut.csa_tree_add_110_40_groupi_n_425 dot_product_tb.dut.csa_tree_add_110_40_groupi_n_427 dot_product_tb.dut.csa_tree_add_110_40_groupi_n_799 dot_product_tb.dut.csa_tree_add_110_40_groupi_n_371 dot_product_tb.dut.csa_tree_add_110_40_groupi_n_372 dot_product_tb.dut.csa_tree_add_110_40_groupi_n_373 dot_product_tb.dut.csa_tree_add_110_40_groupi_n_375 dot_product_tb.dut.csa_tree_add_110_40_groupi_n_377 {dot_product_tb.dut.len[2]} dot_product_tb.dut.csa_tree_add_110_40_groupi_n_1121 dot_product_tb.dut.csa_tree_add_110_40_groupi_n_1123 dot_product_tb.dut.csa_tree_add_110_40_groupi_n_1127 dot_product_tb.dut.csa_tree_add_110_40_groupi_n_1128 {dot_product_tb.dut.dout[6]} {dot_product_tb.dut.b_data[11]} {dot_product_tb.dut.a_len[2]} dot_product_tb.dut.csa_tree_add_110_40_groupi_n_2 dot_product_tb.dut.csa_tree_add_110_40_groupi_n_3 {dot_product_tb.dut.b_data[2]} dot_product_tb.dut.csa_tree_add_110_40_groupi_n_5 dot_product_tb.dut.csa_tree_add_110_40_groupi_n_6 dot_product_tb.dut.csa_tree_add_110_40_groupi_n_331 dot_product_tb.dut.CLKGATE_rc_gclk_2551 dot_product_tb.dut.csa_tree_add_110_40_groupi_n_332 dot_product_tb.dut.csa_tree_add_110_40_groupi_n_334 dot_product_tb.dut.csa_tree_add_110_40_groupi_n_336 dot_product_tb.dut.csa_tree_add_110_40_groupi_n_337 {dot_product_tb.dut.b_len[2]} dot_product_tb.dut.n_172 dot_product_tb.dut.csa_tree_add_110_40_groupi_n_946 dot_product_tb.dut.csa_tree_add_110_40_groupi_n_947 dot_product_tb.dut.csa_tree_add_110_40_groupi_n_282 dot_product_tb.dut.csa_tree_add_110_40_groupi_n_62 dot_product_tb.dut.csa_tree_add_110_40_groupi_n_63 dot_product_tb.dut.csa_tree_add_110_40_groupi_n_64 dot_product_tb.dut.csa_tree_add_110_40_groupi_n_66 dot_product_tb.dut.csa_tree_add_110_40_groupi_n_893 dot_product_tb.dut.csa_tree_add_110_40_groupi_n_895 dot_product_tb.dut.csa_tree_add_110_40_groupi_n_102 dot_product_tb.dut.csa_tree_add_110_40_groupi_n_103 dot_product_tb.dut.csa_tree_add_110_40_groupi_n_104 dot_product_tb.dut.n_72 dot_product_tb.dut.n_74 dot_product_tb.dut.csa_tree_add_110_40_groupi_n_1035 dot_product_tb.dut.csa_tree_add_110_40_groupi_n_1036 dot_product_tb.dut.csa_tree_add_110_40_groupi_n_1037 dot_product_tb.dut.csa_tree_add_110_40_groupi_n_1038 dot_product_tb.dut.csa_tree_add_110_40_groupi_n_1039 dot_product_tb.dut.csa_tree_add_110_40_groupi_n_900 dot_product_tb.dut.csa_tree_add_110_40_groupi_n_903 dot_product_tb.dut.csa_tree_add_110_40_groupi_n_20 dot_product_tb.dut.csa_tree_add_110_40_groupi_n_28 dot_product_tb.dut.csa_tree_add_110_40_groupi_n_1174 dot_product_tb.dut.csa_tree_add_110_40_groupi_n_1175 dot_product_tb.dut.csa_tree_add_110_40_groupi_n_850 dot_product_tb.dut.processing dot_product_tb.dut.csa_tree_add_110_40_groupi_n_856 dot_product_tb.dut.a_data dot_product_tb.dut.n_320 dot_product_tb.dut.csa_tree_add_110_40_groupi_n_195 {dot_product_tb.dut.dout[14]} dot_product_tb.dut.CLKGATE_rc_gclk {dot_product_tb.dut.b_data[7]} dot_product_tb.dut.n_278 dot_product_tb.dut.csa_tree_add_110_40_groupi_n_383 dot_product_tb.dut.csa_tree_add_110_40_groupi_n_384 dot_product_tb.dut.csa_tree_add_110_40_groupi_n_990 dot_product_tb.dut.csa_tree_add_110_40_groupi_n_993 dot_product_tb.dut.csa_tree_add_110_40_groupi_n_155 {dot_product_tb.dut.b_data[12]} {dot_product_tb.dut.dout[10]} {dot_product_tb.dut.a_len[3]} dot_product_tb.dut.csa_tree_add_110_40_groupi_n_1082 dot_product_tb.dut.we {dot_product_tb.dut.b_data[3]} dot_product_tb.dut.csa_tree_add_110_40_groupi_n_766 dot_product_tb.dut.csa_tree_add_110_40_groupi_n_767 dot_product_tb.dut.csa_tree_add_110_40_groupi_n_340 dot_product_tb.dut.csa_tree_add_110_40_groupi_n_343 dot_product_tb.dut.csa_tree_add_110_40_groupi_n_346 dot_product_tb.dut.csa_tree_add_110_40_groupi_n_347 {dot_product_tb.dut.b_len[3]} dot_product_tb.dut.csa_tree_add_110_40_groupi_n_950 dot_product_tb.dut.csa_tree_add_110_40_groupi_n_955 dot_product_tb.dut.csa_tree_add_110_40_groupi_n_957 dot_product_tb.dut.csa_tree_add_110_40_groupi_n_293 dot_product_tb.dut.csa_tree_add_110_40_groupi_n_959 dot_product_tb.dut.csa_tree_add_110_40_groupi_n_297 dot_product_tb.dut.csa_tree_add_110_40_groupi_n_74 dot_product_tb.dut.a_len dot_product_tb.dut.n_80 dot_product_tb.dut.csa_tree_add_110_40_groupi_n_113 dot_product_tb.dut.n_82 dot_product_tb.dut.csa_tree_add_110_40_groupi_n_1041 dot_product_tb.dut.csa_tree_add_110_40_groupi_n_1042 dot_product_tb.dut.csa_tree_add_110_40_groupi_n_300 dot_product_tb.dut.csa_tree_add_110_40_groupi_n_303 dot_product_tb.dut.csa_tree_add_110_40_groupi_n_304 dot_product_tb.dut.csa_tree_add_110_40_groupi_n_309 dot_product_tb.dut.c_valid_789 dot_product_tb.dut.csa_tree_add_110_40_groupi_n_913 dot_product_tb.dut.csa_tree_add_110_40_groupi_n_30 dot_product_tb.dut.csa_tree_add_110_40_groupi_n_31 dot_product_tb.dut.csa_tree_add_110_40_groupi_n_32 dot_product_tb.dut.csa_tree_add_110_40_groupi_n_33 dot_product_tb.dut.csa_tree_add_110_40_groupi_n_34 dot_product_tb.dut.csa_tree_add_110_40_groupi_n_35 dot_product_tb.dut.csa_tree_add_110_40_groupi_n_36 dot_product_tb.dut.csa_tree_add_110_40_groupi_n_37 dot_product_tb.dut.csa_tree_add_110_40_groupi_n_38 dot_product_tb.dut.csa_tree_add_110_40_groupi_n_39 dot_product_tb.dut.n_1 dot_product_tb.dut.n_2 {dot_product_tb.dut.dout[15]} {dot_product_tb.dut.b_data[8]} dot_product_tb.dut.b_len dot_product_tb.dut.n_48 dot_product_tb.dut.csa_tree_add_110_40_groupi_n_448 {dot_product_tb.dut.\accumulator[1]_455 } dot_product_tb.dut.csa_tree_add_110_40_groupi_n_449 dot_product_tb.dut.csa_tree_add_110_40_groupi_n_1004 dot_product_tb.dut.n_281 dot_product_tb.dut.n_283 dot_product_tb.dut.n_285 dot_product_tb.dut.n_286 dot_product_tb.dut.b_stored dot_product_tb.dut.din {dot_product_tb.dut.len[4]} dot_product_tb.dut.n_106 dot_product_tb.dut.n_107 dot_product_tb.dut.n_108 dot_product_tb.dut.csa_tree_add_110_40_groupi_n_212 dot_product_tb.dut.csa_tree_add_110_40_groupi_n_588 dot_product_tb.dut.csa_tree_add_110_40_groupi_n_589 dot_product_tb.dut.csa_tree_add_110_40_groupi_n_1143 {dot_product_tb.dut.dout[8]} {dot_product_tb.dut.b_data[13]} {dot_product_tb.dut.dout[11]} {dot_product_tb.dut.a_len[4]} dot_product_tb.dut.csa_tree_add_110_40_groupi_n_400 {dot_product_tb.dut.b_data[4]} dot_product_tb.dut.csa_tree_add_110_40_groupi_n_774 dot_product_tb.dut.csa_tree_add_110_40_groupi_n_778 dot_product_tb.dut.csa_tree_add_110_40_groupi_n_356 dot_product_tb.dut.csa_tree_add_110_40_groupi_n_1281 {dot_product_tb.dut.b_len[4]} {dot_product_tb.dut.len[0]} dot_product_tb.dut.csa_tree_add_110_40_groupi_n_1289 dot_product_tb.dut.csa_tree_add_110_40_groupi_n_969 dot_product_tb.dut.csa_tree_add_110_40_groupi_n_1108 dot_product_tb.dut.csa_tree_add_110_40_groupi_n_1109 {dot_product_tb.dut.dout[4]} {dot_product_tb.dut.a_len[0]} dot_product_tb.dut.b_data {dot_product_tb.dut.b_data[0]} dot_product_tb.dut.csa_tree_add_110_40_groupi_n_1058 dot_product_tb.dut.rst dot_product_tb.dut.csa_tree_add_110_40_groupi_n_313 dot_product_tb.dut.csa_tree_add_110_40_groupi_n_314 dot_product_tb.dut.csa_tree_add_110_40_groupi_n_316 dot_product_tb.dut.csa_tree_add_110_40_groupi_n_1240 dot_product_tb.dut.dout {dot_product_tb.dut.b_len[0]} dot_product_tb.dut.csa_tree_add_110_40_groupi_n_262 dot_product_tb.dut.csa_tree_add_110_40_groupi_n_40 dot_product_tb.dut.csa_tree_add_110_40_groupi_n_264 dot_product_tb.dut.csa_tree_add_110_40_groupi_n_41 dot_product_tb.dut.csa_tree_add_110_40_groupi_n_265 dot_product_tb.dut.csa_tree_add_110_40_groupi_n_43 dot_product_tb.dut.csa_tree_add_110_40_groupi_n_44 dot_product_tb.dut.csa_tree_add_110_40_groupi_n_45 dot_product_tb.dut.csa_tree_add_110_40_groupi_n_1190 dot_product_tb.dut.csa_tree_add_110_40_groupi_n_47 dot_product_tb.dut.csa_tree_add_110_40_groupi_n_48 dot_product_tb.dut.csa_tree_add_110_40_groupi_n_49 dot_product_tb.dut.n_50 dot_product_tb.dut.csa_tree_add_110_40_groupi_n_450 dot_product_tb.dut.n_51 {dot_product_tb.dut.b_data[9]} dot_product_tb.dut.n_55 dot_product_tb.dut.n_57 dot_product_tb.dut.n_58 dot_product_tb.dut.n_110 dot_product_tb.dut.csa_tree_add_110_40_groupi_n_1203 dot_product_tb.dut.n_111 dot_product_tb.dut.csa_tree_add_110_40_groupi_n_1204 dot_product_tb.dut.n_112 dot_product_tb.dut.csa_tree_add_110_40_groupi_n_1205 dot_product_tb.dut.csa_tree_add_110_40_groupi_n_1206 dot_product_tb.dut.n_114 dot_product_tb.dut.csa_tree_add_110_40_groupi_n_1207 dot_product_tb.dut.n_115 dot_product_tb.dut.n_116 dot_product_tb.dut.csa_tree_add_110_40_groupi_n_222 dot_product_tb.dut.csa_tree_add_110_40_groupi_n_1153 dot_product_tb.dut.csa_tree_add_110_40_groupi_n_1154 dot_product_tb.dut.csa_tree_add_110_40_groupi_n_837 {dot_product_tb.dut.b_data[14]} {dot_product_tb.dut.a_len[5]} dot_product_tb.dut.n_12 {dot_product_tb.dut.b_data[5]} dot_product_tb.dut.csa_tree_add_110_40_groupi_n_417 dot_product_tb.dut.csa_tree_add_110_40_groupi_n_360 dot_product_tb.dut.csa_tree_add_110_40_groupi_n_361 {dot_product_tb.dut.b_len[5]} dot_product_tb.dut.csa_tree_add_110_40_groupi_n_1295 dot_product_tb.dut.csa_tree_add_110_40_groupi_n_1298 dot_product_tb.dut.csa_tree_add_110_40_groupi_n_977 dot_product_tb.dut.c_ready {dot_product_tb.dut.dout[5]} {dot_product_tb.dut.b_data[10]} {dot_product_tb.dut.a_len[1]} {dot_product_tb.dut.b_data[1]} dot_product_tb.dut.csa_tree_add_110_40_groupi_n_746 dot_product_tb.dut.csa_tree_add_110_40_groupi_n_1301 dot_product_tb.dut.csa_tree_add_110_40_groupi_n_749 dot_product_tb.dut.CLKGATE_rc_gclk_2547 dot_product_tb.dut.csa_tree_add_110_40_groupi_n_329 dot_product_tb.dut.CLKGATE_rc_gclk_2549 {dot_product_tb.dut.b_len[1]} dot_product_tb.dut.n_162 dot_product_tb.dut.n_163 dot_product_tb.dut.n_164 dot_product_tb.dut.csa_tree_add_110_40_groupi_n_934 dot_product_tb.dut.csa_tree_add_110_40_groupi_n_1259 dot_product_tb.dut.csa_tree_add_110_40_groupi_n_936 dot_product_tb.dut.n_169 dot_product_tb.dut.csa_tree_add_110_40_groupi_n_50 dot_product_tb.dut.csa_tree_add_110_40_groupi_n_51 dot_product_tb.dut.csa_tree_add_110_40_groupi_n_275 dot_product_tb.dut.csa_tree_add_110_40_groupi_n_52 dot_product_tb.dut.csa_tree_add_110_40_groupi_n_278 dot_product_tb.dut.csa_tree_add_110_40_groupi_n_279 dot_product_tb.dut.csa_tree_add_110_40_groupi_n_59 dot_product_tb.dut.n_63 dot_product_tb.dut.n_66 dot_product_tb.dut.n_68 dot_product_tb.dut.csa_tree_add_110_40_groupi_n_1024 dot_product_tb.dut.csa_tree_add_110_40_groupi_n_1027 dot_product_tb.dut.csa_tree_add_110_40_groupi_n_705}
gui_schematic_clear_selection -id Schematic.1
gui_close_window -window TopLevel.1
