

Working Directory = /home/cc/eecs151/fa23/class/eecs151-aeq/asic_labs_fa23/lab6/build/syn-rundir
QoS Summary for dot_product
================================================================================
Metric                          final          
================================================================================
Slack (ps):                       409
  R2R (ps):                       409
  I2R (ps):                  no_value
  R2O (ps):                  no_value
  I2O (ps):                  no_value
  CG  (ps):                    13,887
TNS (ps):                           0
  R2R (ps):                         0
  I2R (ps):                  no_value
  R2O (ps):                  no_value
  I2O (ps):                  no_value
  CG  (ps):                         0
Failing Paths:                      0
Cell Area:                     91,290
Total Cell Area:               91,290
Leaf Instances:                 1,521
Total Instances:                1,521
Utilization (%):                 0.00
Tot. Net Length (um):        no_value
Avg. Net Length (um):        no_value
Route Overflow H (%):        no_value
Route Overflow V (%):        no_value
MBCI(%) (bits/gate) :            0.00
Norm Cong Hotspot Area:
  Max Cong:                  no_value
  Tot Cong:                  no_value
================================================================================
CPU  Runtime (h:m:s):        00:00:26
Real Runtime (h:m:s):        00:00:20
CPU  Elapsed (h:m:s):        00:00:26
Real Elapsed (h:m:s):        00:00:20
Memory (MB):                   988.39
================================================================================
================================================================================
Flow Settings:
================================================================================
Total Runtime (h:m:s): 00:00:20
Total Memory (MB):     988.39
Executable Version:    19.15-s090_1
================================================================================
Total Cell Area =  Cell Area + Physical Cell Area
Total Instances =  Leaf Instances + Physical Instances


