============================================================
  Generated by:           Genus(TM) Synthesis Solution 19.15-s090_1
  Generated on:           Oct 30 2023  10:13:56 am
  Module:                 dot_product
  Library domain:         ss_100C_1v60.setup_cond
    Domain index:         0
    Technology libraries: sky130_fd_sc_hd__ss_100C_1v60 1.0000000000
                          sky130_ef_io__gpiov2_pad_wrapped_ss_ss_100C_1v60_3v00 1.0
                          sky130_ef_io__vccd_lvc_clamped3_pad_ss_100C_1v60_3v00_3v00 1.0000000
                          sky130_ef_io__vccd_lvc_clamped_pad_ss_100C_1v60_3v00_3v00 1.0000000
                          sky130_ef_io__vdda_hvc_clamped_pad_ss_100C_1v60_3v00_3v00 1.0000000
                          sky130_ef_io__vddio_hvc_clamped_pad_ss_100C_1v60_3v00_3v00 1.0000000
                          sky130_ef_io__vssa_hvc_clamped_pad_ss_100C_1v60_3v00_3v00 1.0000000
                          sky130_ef_io__vssd_lvc_clamped3_pad_ss_100C_1v60_3v00 1.0
                          sky130_ef_io__vssd_lvc_clamped_pad_ss_100C_1v60_3v00 1.0
                          sky130_ef_io__vssio_hvc_clamped_pad_ss_100C_1v60_3v00_3v00 1.0000000
                          sky130_fd_io__top_gpiov2_ss_ss_100C_1v60_3v00 1.0
                          sky130_fd_io__top_ground_hvc_wpad_ss_100C_1v60_3v00_3v00 1.0000000
                          sky130_fd_io__top_ground_lvc_wpad_ss_100C_1v60_3v00 1.0
                          sky130_fd_io__top_power_hvc_wpad_ss_100C_1v60_3v00_3v00 1.0000000
                          sky130_fd_io__top_power_lvc_wpad_ss_100C_1v60_3v00_3v00 1.0000000
                          sky130_fd_io__top_xres4v2_ss_ss_100C_1v60_3v00 1.0
                          sram22_1024x32m8w8 1.0
                          sram22_64x32m4w32 1.0
                          sram22_1024x32m8w32 1.0
                          sram22_512x32m4w32 1.0
                          sram22_2048x32m8w8 1.0
                          sram22_512x32m4w8 1.0
                          sram22_4096x32m8w8 1.0
                          sram22_64x4m4w2 1.0
                          sram22_256x32m4w8 1.0
                          sram22_4096x8m8w8 1.0
                          sram22_64x32m4w8 1.0
                          sram22_64x24m4w24 1.0
                          sram22_512x64m4w8 1.0
  Operating conditions:   ss_100C_1v60 
  Interconnect mode:      global
  Area mode:              physical library
============================================================

                                                       Leakage                                   Library 
             Gate               Instances    Area    Power (nW)              Library              Domain 
---------------------------------------------------------------------------------------------------------
sky130_fd_sc_hd__a21bo_1                1     10.010      4.549    sky130_fd_sc_hd__ss_100C_1v60       0 
sky130_fd_sc_hd__a21oi_1                7     35.034     14.073    sky130_fd_sc_hd__ss_100C_1v60       0 
sky130_fd_sc_hd__a222oi_1              34    340.326     82.209    sky130_fd_sc_hd__ss_100C_1v60       0 
sky130_fd_sc_hd__a22o_1                 4     35.034     17.145    sky130_fd_sc_hd__ss_100C_1v60       0 
sky130_fd_sc_hd__a22oi_1                1      7.507      3.021    sky130_fd_sc_hd__ss_100C_1v60       0 
sky130_fd_sc_hd__a2bb2oi_1              4     35.034     16.974    sky130_fd_sc_hd__ss_100C_1v60       0 
sky130_fd_sc_hd__a31oi_1                2     12.512      2.997    sky130_fd_sc_hd__ss_100C_1v60       0 
sky130_fd_sc_hd__and2_1                 4     25.024     16.625    sky130_fd_sc_hd__ss_100C_1v60       0 
sky130_fd_sc_hd__and2_2                 1      7.507      5.394    sky130_fd_sc_hd__ss_100C_1v60       0 
sky130_fd_sc_hd__buf_1                  1      3.754      4.394    sky130_fd_sc_hd__ss_100C_1v60       0 
sky130_fd_sc_hd__buf_16                 4    110.106     89.129    sky130_fd_sc_hd__ss_100C_1v60       0 
sky130_fd_sc_hd__buf_2                 20    100.096    112.442    sky130_fd_sc_hd__ss_100C_1v60       0 
sky130_fd_sc_hd__buf_8                 35    525.504    420.315    sky130_fd_sc_hd__ss_100C_1v60       0 
sky130_fd_sc_hd__clkbuf_1               1      3.754      4.394    sky130_fd_sc_hd__ss_100C_1v60       0 
sky130_fd_sc_hd__clkinv_1              12     45.043     47.768    sky130_fd_sc_hd__ss_100C_1v60       0 
sky130_fd_sc_hd__conb_1                10     37.536      0.030    sky130_fd_sc_hd__ss_100C_1v60       0 
sky130_fd_sc_hd__dfxtp_1               79   1581.517   1141.072    sky130_fd_sc_hd__ss_100C_1v60       0 
sky130_fd_sc_hd__dlxtn_1               32    480.461    403.613    sky130_fd_sc_hd__ss_100C_1v60       0 
sky130_fd_sc_hd__dlxtp_1                6     90.086     71.372    sky130_fd_sc_hd__ss_100C_1v60       0 
sky130_fd_sc_hd__dlygate4sd1_1         19    166.410    189.578    sky130_fd_sc_hd__ss_100C_1v60       0 
sky130_fd_sc_hd__dlygate4sd2_1          1      8.758      6.730    sky130_fd_sc_hd__ss_100C_1v60       0 
sky130_fd_sc_hd__fa_1                 199   3983.821   2034.113    sky130_fd_sc_hd__ss_100C_1v60       0 
sky130_fd_sc_hd__fa_2                  14    315.302    149.624    sky130_fd_sc_hd__ss_100C_1v60       0 
sky130_fd_sc_hd__fah_1                 13    439.171    373.049    sky130_fd_sc_hd__ss_100C_1v60       0 
sky130_fd_sc_hd__ha_1                  26    325.312    264.437    sky130_fd_sc_hd__ss_100C_1v60       0 
sky130_fd_sc_hd__inv_1                 37    138.883    163.915    sky130_fd_sc_hd__ss_100C_1v60       0 
sky130_fd_sc_hd__inv_12                 4     65.062     50.140    sky130_fd_sc_hd__ss_100C_1v60       0 
sky130_fd_sc_hd__inv_2                 27    101.347    117.625    sky130_fd_sc_hd__ss_100C_1v60       0 
sky130_fd_sc_hd__inv_4                  1      6.256      6.100    sky130_fd_sc_hd__ss_100C_1v60       0 
sky130_fd_sc_hd__inv_6                  1      8.758      7.196    sky130_fd_sc_hd__ss_100C_1v60       0 
sky130_fd_sc_hd__maj3_1                16    160.154     60.370    sky130_fd_sc_hd__ss_100C_1v60       0 
sky130_fd_sc_hd__maj3_2                 1     11.261      5.502    sky130_fd_sc_hd__ss_100C_1v60       0 
sky130_fd_sc_hd__mux2_1                24    270.259    165.871    sky130_fd_sc_hd__ss_100C_1v60       0 
sky130_fd_sc_hd__mux2_2                26    292.781    174.699    sky130_fd_sc_hd__ss_100C_1v60       0 
sky130_fd_sc_hd__mux2i_1                1     10.010      7.686    sky130_fd_sc_hd__ss_100C_1v60       0 
sky130_fd_sc_hd__nand2_1               35    131.376     74.929    sky130_fd_sc_hd__ss_100C_1v60       0 
sky130_fd_sc_hd__nand2_2               16    100.096    102.923    sky130_fd_sc_hd__ss_100C_1v60       0 
sky130_fd_sc_hd__nand2b_1              16    100.096     68.329    sky130_fd_sc_hd__ss_100C_1v60       0 
sky130_fd_sc_hd__nand2b_2               1      8.758      7.054    sky130_fd_sc_hd__ss_100C_1v60       0 
sky130_fd_sc_hd__nand3_1                2     10.010      3.272    sky130_fd_sc_hd__ss_100C_1v60       0 
sky130_fd_sc_hd__nand3b_1               1      7.507      1.096    sky130_fd_sc_hd__ss_100C_1v60       0 
sky130_fd_sc_hd__nor2_1                42    157.651     88.346    sky130_fd_sc_hd__ss_100C_1v60       0 
sky130_fd_sc_hd__nor2b_1               42    262.752    135.302    sky130_fd_sc_hd__ss_100C_1v60       0 
sky130_fd_sc_hd__nor4_1                 1      6.256      2.031    sky130_fd_sc_hd__ss_100C_1v60       0 
sky130_fd_sc_hd__o2111a_1               1     11.261      3.713    sky130_fd_sc_hd__ss_100C_1v60       0 
sky130_fd_sc_hd__o211ai_1               1      7.507      2.031    sky130_fd_sc_hd__ss_100C_1v60       0 
sky130_fd_sc_hd__o21a_1                 4     30.029     12.292    sky130_fd_sc_hd__ss_100C_1v60       0 
sky130_fd_sc_hd__o21ai_0                1      5.005      3.232    sky130_fd_sc_hd__ss_100C_1v60       0 
sky130_fd_sc_hd__o21ai_1                6     30.029     12.189    sky130_fd_sc_hd__ss_100C_1v60       0 
sky130_fd_sc_hd__o21ai_2               16    140.134     39.240    sky130_fd_sc_hd__ss_100C_1v60       0 
sky130_fd_sc_hd__o22ai_1              255   1595.280    500.956    sky130_fd_sc_hd__ss_100C_1v60       0 
sky130_fd_sc_hd__o2bb2ai_1              2     17.517      5.047    sky130_fd_sc_hd__ss_100C_1v60       0 
sky130_fd_sc_hd__o31ai_1                1      7.507      1.947    sky130_fd_sc_hd__ss_100C_1v60       0 
sky130_fd_sc_hd__o32a_1                 1     10.010      2.144    sky130_fd_sc_hd__ss_100C_1v60       0 
sky130_fd_sc_hd__o32ai_1                2     17.517      2.494    sky130_fd_sc_hd__ss_100C_1v60       0 
sky130_fd_sc_hd__o41ai_1                1      8.758      2.916    sky130_fd_sc_hd__ss_100C_1v60       0 
sky130_fd_sc_hd__or2_0                  2     12.512      6.140    sky130_fd_sc_hd__ss_100C_1v60       0 
sky130_fd_sc_hd__or2_1                  1      6.256      3.723    sky130_fd_sc_hd__ss_100C_1v60       0 
sky130_fd_sc_hd__or2_2                  4     25.024     15.730    sky130_fd_sc_hd__ss_100C_1v60       0 
sky130_fd_sc_hd__or2b_1                 3     22.522     20.995    sky130_fd_sc_hd__ss_100C_1v60       0 
sky130_fd_sc_hd__or2b_2                 1      8.758      7.821    sky130_fd_sc_hd__ss_100C_1v60       0 
sky130_fd_sc_hd__or3b_1                 1      8.758      9.400    sky130_fd_sc_hd__ss_100C_1v60       0 
sky130_fd_sc_hd__sdlclkp_1              5     93.840     79.123    sky130_fd_sc_hd__ss_100C_1v60       0 
sky130_fd_sc_hd__sedfxtp_2              1     37.536     21.453    sky130_fd_sc_hd__ss_100C_1v60       0 
sky130_fd_sc_hd__xnor2_1              113    989.699    332.945    sky130_fd_sc_hd__ss_100C_1v60       0 
sky130_fd_sc_hd__xor2_1               274   2399.802   1336.896    sky130_fd_sc_hd__ss_100C_1v60       0 
sram22_64x32m4w8                        1  75230.735  70054.203    sram22_64x32m4w8                    0 
---------------------------------------------------------------------------------------------------------
total                                1521  91289.887  79194.061                                  


                                                                Leakage  Leakage 
           Library            Instances Instances %    Area   Power (nW) Power % 
---------------------------------------------------------------------------------
sky130_fd_sc_hd__ss_100C_1v60      1520        99.9 16059.152   9139.858    11.5 
sram22_64x32m4w8                      1         0.1 75230.735  70054.203    88.5 

                                                          Leakage  Leakage 
            Type             Instances    Area   Area % Power (nW) Power % 
---------------------------------------------------------------------------
timing_model                         1 75230.735   82.4  70054.203    88.5 
sequential                         118  2189.600    2.4   1637.510     2.1 
inverter                            82   365.350    0.4    392.745     0.5 
buffer                              81   918.381    1.0    826.982     1.0 
clock_gating_integrated_cell         5    93.840    0.1     79.123     0.1 
logic                             1234 12491.981   13.7   6203.498     7.8 
physical_cells                       0     0.000    0.0      0.000     0.0 
---------------------------------------------------------------------------
total                             1521 91289.887  100.0  79194.061   100.0 

