============================================================
  Generated by:           Genus(TM) Synthesis Solution 19.15-s090_1
  Generated on:           Oct 30 2023  11:00:54 am
  Module:                 fir
  Library domain:         ss_100C_1v60.setup_cond
    Domain index:         0
    Technology libraries: sky130_fd_sc_hd__ss_100C_1v60 1.0000000000
                          sky130_ef_io__gpiov2_pad_wrapped_ss_ss_100C_1v60_3v00 1.0
                          sky130_ef_io__vccd_lvc_clamped3_pad_ss_100C_1v60_3v00_3v00 1.0000000
                          sky130_ef_io__vccd_lvc_clamped_pad_ss_100C_1v60_3v00_3v00 1.0000000
                          sky130_ef_io__vdda_hvc_clamped_pad_ss_100C_1v60_3v00_3v00 1.0000000
                          sky130_ef_io__vddio_hvc_clamped_pad_ss_100C_1v60_3v00_3v00 1.0000000
                          sky130_ef_io__vssa_hvc_clamped_pad_ss_100C_1v60_3v00_3v00 1.0000000
                          sky130_ef_io__vssd_lvc_clamped3_pad_ss_100C_1v60_3v00 1.0
                          sky130_ef_io__vssd_lvc_clamped_pad_ss_100C_1v60_3v00 1.0
                          sky130_ef_io__vssio_hvc_clamped_pad_ss_100C_1v60_3v00_3v00 1.0000000
                          sky130_fd_io__top_gpiov2_ss_ss_100C_1v60_3v00 1.0
                          sky130_fd_io__top_ground_hvc_wpad_ss_100C_1v60_3v00_3v00 1.0000000
                          sky130_fd_io__top_ground_lvc_wpad_ss_100C_1v60_3v00 1.0
                          sky130_fd_io__top_power_hvc_wpad_ss_100C_1v60_3v00_3v00 1.0000000
                          sky130_fd_io__top_power_lvc_wpad_ss_100C_1v60_3v00_3v00 1.0000000
                          sky130_fd_io__top_xres4v2_ss_ss_100C_1v60_3v00 1.0
                          sram22_1024x32m8w8 1.0
                          sram22_64x32m4w32 1.0
                          sram22_1024x32m8w32 1.0
                          sram22_512x32m4w32 1.0
                          sram22_2048x32m8w8 1.0
                          sram22_512x32m4w8 1.0
                          sram22_4096x32m8w8 1.0
                          sram22_64x4m4w2 1.0
                          sram22_256x32m4w8 1.0
                          sram22_4096x8m8w8 1.0
                          sram22_64x32m4w8 1.0
                          sram22_64x24m4w24 1.0
                          sram22_512x64m4w8 1.0
  Operating conditions:   ss_100C_1v60 
  Interconnect mode:      global
  Area mode:              physical library
============================================================

                                                 Leakage                                   Library 
           Gate            Instances    Area   Power (nW)              Library              Domain 
---------------------------------------------------------------------------------------------------
sky130_fd_sc_hd__a21o_1            1     7.507      5.017    sky130_fd_sc_hd__ss_100C_1v60       0 
sky130_fd_sc_hd__and2_1            1     6.256      3.461    sky130_fd_sc_hd__ss_100C_1v60       0 
sky130_fd_sc_hd__buf_8             8   120.115     97.396    sky130_fd_sc_hd__ss_100C_1v60       0 
sky130_fd_sc_hd__conb_1            7    26.275      0.021    sky130_fd_sc_hd__ss_100C_1v60       0 
sky130_fd_sc_hd__dfxtp_1          20   400.384    279.679    sky130_fd_sc_hd__ss_100C_1v60       0 
sky130_fd_sc_hd__fa_1             11   220.211    113.126    sky130_fd_sc_hd__ss_100C_1v60       0 
sky130_fd_sc_hd__ha_1              2    25.024     17.907    sky130_fd_sc_hd__ss_100C_1v60       0 
sky130_fd_sc_hd__inv_1             5    18.768     17.798    sky130_fd_sc_hd__ss_100C_1v60       0 
sky130_fd_sc_hd__inv_16            8   160.154    133.378    sky130_fd_sc_hd__ss_100C_1v60       0 
sky130_fd_sc_hd__inv_2             5    18.768     18.649    sky130_fd_sc_hd__ss_100C_1v60       0 
sky130_fd_sc_hd__nand2b_1          1     6.256      2.064    sky130_fd_sc_hd__ss_100C_1v60       0 
sky130_fd_sc_hd__nor2_1            1     3.754      1.618    sky130_fd_sc_hd__ss_100C_1v60       0 
sky130_fd_sc_hd__nor2b_1          20   125.120     62.879    sky130_fd_sc_hd__ss_100C_1v60       0 
sky130_fd_sc_hd__xnor2_1           1     8.758      1.577    sky130_fd_sc_hd__ss_100C_1v60       0 
sky130_fd_sc_hd__xor2_1            1     8.758      6.575    sky130_fd_sc_hd__ss_100C_1v60       0 
---------------------------------------------------------------------------------------------------
total                             92  1156.109    761.143                                  


                                           Leakage  Leakage 
     Type      Instances   Area   Area % Power (nW) Power % 
------------------------------------------------------------
sequential            20  400.384   34.6    279.679    36.7 
inverter              18  197.690   17.1    169.824    22.3 
buffer                 8  120.115   10.4     97.396    12.8 
logic                 46  437.920   37.9    214.244    28.1 
physical_cells         0    0.000    0.0      0.000     0.0 
------------------------------------------------------------
total                 92 1156.109  100.0    761.143   100.0 

