

Working Directory = /home/cc/eecs151/fa23/class/eecs151-aeq/asic_labs_fa23/lab2/build/syn-rundir
QoS Summary for fir
================================================================================
Metric                          final          
================================================================================
Slack (ps):                     2,835
  R2R (ps):                     2,835
  I2R (ps):                  no_value
  R2O (ps):                  no_value
  I2O (ps):                  no_value
  CG  (ps):                  no_value
TNS (ps):                           0
  R2R (ps):                         0
  I2R (ps):                  no_value
  R2O (ps):                  no_value
  I2O (ps):                  no_value
  CG  (ps):                  no_value
Failing Paths:                      0
Cell Area:                      1,156
Total Cell Area:                1,156
Leaf Instances:                    92
Total Instances:                   92
Utilization (%):                 0.00
Tot. Net Length (um):        no_value
Avg. Net Length (um):        no_value
Route Overflow H (%):        no_value
Route Overflow V (%):        no_value
MBCI(%) (bits/gate) :            0.00
Norm Cong Hotspot Area:
  Max Cong:                  no_value
  Tot Cong:                  no_value
================================================================================
CPU  Runtime (h:m:s):        00:00:15
Real Runtime (h:m:s):        00:00:15
CPU  Elapsed (h:m:s):        00:00:15
Real Elapsed (h:m:s):        00:00:15
Memory (MB):                   966.55
================================================================================
================================================================================
Flow Settings:
================================================================================
Total Runtime (h:m:s): 00:00:15
Total Memory (MB):     966.55
Executable Version:    19.15-s090_1
================================================================================
Total Cell Area =  Cell Area + Physical Cell Area
Total Instances =  Leaf Instances + Physical Instances


