============================================================
  Generated by:           Genus(TM) Synthesis Solution 19.15-s090_1
  Generated on:           Oct 30 2023  09:40:09 am
  Module:                 gcd_coprocessor
  Library domain:         ss_100C_1v60.setup_cond
    Domain index:         0
    Technology libraries: sky130_fd_sc_hd__ss_100C_1v60 1.0000000000
                          sky130_ef_io__gpiov2_pad_wrapped_ss_ss_100C_1v60_3v00 1.0
                          sky130_ef_io__vccd_lvc_clamped3_pad_ss_100C_1v60_3v00_3v00 1.0000000
                          sky130_ef_io__vccd_lvc_clamped_pad_ss_100C_1v60_3v00_3v00 1.0000000
                          sky130_ef_io__vdda_hvc_clamped_pad_ss_100C_1v60_3v00_3v00 1.0000000
                          sky130_ef_io__vddio_hvc_clamped_pad_ss_100C_1v60_3v00_3v00 1.0000000
                          sky130_ef_io__vssa_hvc_clamped_pad_ss_100C_1v60_3v00_3v00 1.0000000
                          sky130_ef_io__vssd_lvc_clamped3_pad_ss_100C_1v60_3v00 1.0
                          sky130_ef_io__vssd_lvc_clamped_pad_ss_100C_1v60_3v00 1.0
                          sky130_ef_io__vssio_hvc_clamped_pad_ss_100C_1v60_3v00_3v00 1.0000000
                          sky130_fd_io__top_gpiov2_ss_ss_100C_1v60_3v00 1.0
                          sky130_fd_io__top_ground_hvc_wpad_ss_100C_1v60_3v00_3v00 1.0000000
                          sky130_fd_io__top_ground_lvc_wpad_ss_100C_1v60_3v00 1.0
                          sky130_fd_io__top_power_hvc_wpad_ss_100C_1v60_3v00_3v00 1.0000000
                          sky130_fd_io__top_power_lvc_wpad_ss_100C_1v60_3v00_3v00 1.0000000
                          sky130_fd_io__top_xres4v2_ss_ss_100C_1v60_3v00 1.0
                          sram22_1024x32m8w8 1.0
                          sram22_64x32m4w32 1.0
                          sram22_1024x32m8w32 1.0
                          sram22_512x32m4w32 1.0
                          sram22_2048x32m8w8 1.0
                          sram22_512x32m4w8 1.0
                          sram22_4096x32m8w8 1.0
                          sram22_64x4m4w2 1.0
                          sram22_256x32m4w8 1.0
                          sram22_4096x8m8w8 1.0
                          sram22_64x32m4w8 1.0
                          sram22_64x24m4w24 1.0
                          sram22_512x64m4w8 1.0
  Operating conditions:   ss_100C_1v60 
  Interconnect mode:      global
  Area mode:              physical library
============================================================

    Instance            Module         Cell Count  Cell Area  Net Area   Total Area 
------------------------------------------------------------------------------------
gcd_coprocessor                              2179  18366.365 11533.766    29900.131 
  units[0]      gcd_unit_W32_42               461   4006.342  2132.576     6138.918 
    dpath       gcd_datapath_W32_39           439   3847.440  1920.858     5768.298 
    ctrl        gcd_control_36                 21    155.149    77.273      232.422 
  units[3]      gcd_unit_W32                  461   4005.091  2132.576     6137.667 
    dpath       gcd_datapath_W32              439   3847.440  1920.858     5768.298 
    ctrl        gcd_control                    21    153.898    77.273      231.171 
  units[2]      gcd_unit_W32_44               461   4005.091  2132.576     6137.667 
    dpath       gcd_datapath_W32_41           439   3847.440  1920.858     5768.298 
    ctrl        gcd_control_38                 21    153.898    77.273      231.171 
  units[1]      gcd_unit_W32_43               461   4005.091  2132.576     6137.667 
    dpath       gcd_datapath_W32_40           439   3847.440  1920.858     5768.298 
    ctrl        gcd_control_37                 21    153.898    77.273      231.171 
  arbiter       gcd_arbiter_W32_N4            271   2104.518   893.947     2998.465 
    queue       fifo_WIDTH2_LOGDEPTH2          50    586.813   227.207      814.020 
