============================================================
  Generated by:           Genus(TM) Synthesis Solution 19.15-s090_1
  Generated on:           Oct 26 2023  07:43:27 pm
  Module:                 gcd_coprocessor
  Library domain:         ss_100C_1v60.setup_cond
    Domain index:         0
    Technology libraries: sky130_fd_sc_hd__ss_100C_1v60 1.0000000000
                          sky130_ef_io__gpiov2_pad_wrapped_ss_ss_100C_1v60_3v00 1.0
                          sky130_ef_io__vccd_lvc_clamped3_pad_ss_100C_1v60_3v00_3v00 1.0000000
                          sky130_ef_io__vccd_lvc_clamped_pad_ss_100C_1v60_3v00_3v00 1.0000000
                          sky130_ef_io__vdda_hvc_clamped_pad_ss_100C_1v60_3v00_3v00 1.0000000
                          sky130_ef_io__vddio_hvc_clamped_pad_ss_100C_1v60_3v00_3v00 1.0000000
                          sky130_ef_io__vssa_hvc_clamped_pad_ss_100C_1v60_3v00_3v00 1.0000000
                          sky130_ef_io__vssd_lvc_clamped3_pad_ss_100C_1v60_3v00 1.0
                          sky130_ef_io__vssd_lvc_clamped_pad_ss_100C_1v60_3v00 1.0
                          sky130_ef_io__vssio_hvc_clamped_pad_ss_100C_1v60_3v00_3v00 1.0000000
                          sky130_fd_io__top_gpiov2_ss_ss_100C_1v60_3v00 1.0
                          sky130_fd_io__top_ground_hvc_wpad_ss_100C_1v60_3v00_3v00 1.0000000
                          sky130_fd_io__top_ground_lvc_wpad_ss_100C_1v60_3v00 1.0
                          sky130_fd_io__top_power_hvc_wpad_ss_100C_1v60_3v00_3v00 1.0000000
                          sky130_fd_io__top_power_lvc_wpad_ss_100C_1v60_3v00_3v00 1.0000000
                          sky130_fd_io__top_xres4v2_ss_ss_100C_1v60_3v00 1.0
                          sram22_1024x32m8w8 1.0
                          sram22_64x32m4w32 1.0
                          sram22_1024x32m8w32 1.0
                          sram22_512x32m4w32 1.0
                          sram22_2048x32m8w8 1.0
                          sram22_512x32m4w8 1.0
                          sram22_4096x32m8w8 1.0
                          sram22_64x4m4w2 1.0
                          sram22_256x32m4w8 1.0
                          sram22_4096x8m8w8 1.0
                          sram22_64x32m4w8 1.0
                          sram22_64x24m4w24 1.0
                          sram22_512x64m4w8 1.0
  Operating conditions:   ss_100C_1v60 
  Interconnect mode:      global
  Area mode:              physical library
============================================================

                                                   Leakage                                   Library 
           Gate             Instances    Area    Power (nW)              Library              Domain 
-----------------------------------------------------------------------------------------------------
sky130_fd_sc_hd__a211o_1            4     35.034     17.510    sky130_fd_sc_hd__ss_100C_1v60       0 
sky130_fd_sc_hd__a211oi_1           4     30.029      2.565    sky130_fd_sc_hd__ss_100C_1v60       0 
sky130_fd_sc_hd__a21o_1             8     60.058     49.440    sky130_fd_sc_hd__ss_100C_1v60       0 
sky130_fd_sc_hd__a21oi_1            4     20.019      8.244    sky130_fd_sc_hd__ss_100C_1v60       0 
sky130_fd_sc_hd__a222oi_1         128   1281.229    385.344    sky130_fd_sc_hd__ss_100C_1v60       0 
sky130_fd_sc_hd__and2_1            12     75.072     46.025    sky130_fd_sc_hd__ss_100C_1v60       0 
sky130_fd_sc_hd__and2b_1            4     30.029     20.953    sky130_fd_sc_hd__ss_100C_1v60       0 
sky130_fd_sc_hd__and2b_2            8     70.067     60.655    sky130_fd_sc_hd__ss_100C_1v60       0 
sky130_fd_sc_hd__buf_1              4     15.014     17.574    sky130_fd_sc_hd__ss_100C_1v60       0 
sky130_fd_sc_hd__buf_12             4     80.077     65.323    sky130_fd_sc_hd__ss_100C_1v60       0 
sky130_fd_sc_hd__buf_6              4     45.043     38.191    sky130_fd_sc_hd__ss_100C_1v60       0 
sky130_fd_sc_hd__clkbuf_1          12     45.043     52.723    sky130_fd_sc_hd__ss_100C_1v60       0 
sky130_fd_sc_hd__clkinv_1          52    195.187    111.991    sky130_fd_sc_hd__ss_100C_1v60       0 
sky130_fd_sc_hd__conb_1            16     60.058      0.049    sky130_fd_sc_hd__ss_100C_1v60       0 
sky130_fd_sc_hd__dfxtp_1          264   5285.069   3799.741    sky130_fd_sc_hd__ss_100C_1v60       0 
sky130_fd_sc_hd__fa_1              40    800.768    389.709    sky130_fd_sc_hd__ss_100C_1v60       0 
sky130_fd_sc_hd__ha_1               4     50.048     36.421    sky130_fd_sc_hd__ss_100C_1v60       0 
sky130_fd_sc_hd__inv_1             28    105.101     49.923    sky130_fd_sc_hd__ss_100C_1v60       0 
sky130_fd_sc_hd__inv_2             80    300.288    210.706    sky130_fd_sc_hd__ss_100C_1v60       0 
sky130_fd_sc_hd__maj3_1            64    640.614    235.567    sky130_fd_sc_hd__ss_100C_1v60       0 
sky130_fd_sc_hd__mux2i_1          128   1281.229    420.024    sky130_fd_sc_hd__ss_100C_1v60       0 
sky130_fd_sc_hd__nand2_1          196    735.706    655.718    sky130_fd_sc_hd__ss_100C_1v60       0 
sky130_fd_sc_hd__nand2b_1         184   1151.104    542.659    sky130_fd_sc_hd__ss_100C_1v60       0 
sky130_fd_sc_hd__nand4_1            4     25.024      0.362    sky130_fd_sc_hd__ss_100C_1v60       0 
sky130_fd_sc_hd__nor2_1           268   1005.965    572.280    sky130_fd_sc_hd__ss_100C_1v60       0 
sky130_fd_sc_hd__nor2b_1           24    150.144     98.334    sky130_fd_sc_hd__ss_100C_1v60       0 
sky130_fd_sc_hd__nor3_1            12     60.058     17.442    sky130_fd_sc_hd__ss_100C_1v60       0 
sky130_fd_sc_hd__nor4_1            12     75.072     19.982    sky130_fd_sc_hd__ss_100C_1v60       0 
sky130_fd_sc_hd__o21a_1             4     30.029     12.352    sky130_fd_sc_hd__ss_100C_1v60       0 
sky130_fd_sc_hd__o21ai_1           24    120.115     55.963    sky130_fd_sc_hd__ss_100C_1v60       0 
sky130_fd_sc_hd__o2bb2ai_1         36    315.302    123.211    sky130_fd_sc_hd__ss_100C_1v60       0 
sky130_fd_sc_hd__or2_0              8     50.048     24.250    sky130_fd_sc_hd__ss_100C_1v60       0 
sky130_fd_sc_hd__or2_1              4     25.024     12.911    sky130_fd_sc_hd__ss_100C_1v60       0 
sky130_fd_sc_hd__or4_1             20    150.144     69.622    sky130_fd_sc_hd__ss_100C_1v60       0 
sky130_fd_sc_hd__sdlclkp_1          8    150.144    124.980    sky130_fd_sc_hd__ss_100C_1v60       0 
sky130_fd_sc_hd__xnor2_1           84    735.706    178.408    sky130_fd_sc_hd__ss_100C_1v60       0 
sky130_fd_sc_hd__xor2_1            84    735.706    364.654    sky130_fd_sc_hd__ss_100C_1v60       0 
-----------------------------------------------------------------------------------------------------
total                            1844  16020.365   8891.807                                  


                                                          Leakage  Leakage 
            Type             Instances    Area   Area % Power (nW) Power % 
---------------------------------------------------------------------------
sequential                         264  5285.069   33.0   3799.741    42.7 
inverter                           160   600.576    3.7    372.620     4.2 
buffer                              24   185.178    1.2    173.811     2.0 
clock_gating_integrated_cell         8   150.144    0.9    124.980     1.4 
logic_abstract                       1     0.000    0.0      0.000     0.0 
logic                             1388  9799.398   61.2   4420.655    49.7 
physical_cells                       0     0.000    0.0      0.000     0.0 
---------------------------------------------------------------------------
total                             1845 16020.365  100.0   8891.807   100.0 

