# Preference setting overrides
gui_create_pref_key -category {Globals} -key {load_detail_for_funcov} -value_type {bool} -value {false}
gui_create_pref_category -category {schem_obj_name}
gui_create_pref_key -category {schem_obj_name} -key {show_cell_and_pin_with_symbol_name} -value_type {bool} -value {false}
gui_create_pref_key -category {schem_pin_hc} -key {textExtFont} -value_type {string} -value {Helvetica,10,-1,5,50,0,0,0,0,0}

# State setting overrides
gui_state_default_create -off -ini
gui_set_state_value -category Globals -key recent_databases -value {{gui_open_db -file /home/cc/eecs151/fa23/class/eecs151-aeq/asic_labs_fa23/lab3/build/sim-rundir/vcdplus.vpd -design V1} {gui_open_db -file vcdplus.vpd} {gui_open_db -file /home/cc/eecs151/fa23/class/eecs151-aeq/asic_labs_fa23/lab2/build/sim-rundir/vcdplus.vpd -design V1} {gui_open_db -file /home/cc/eecs151/fa23/class/eecs151-aeq/asic_labs_fa23/lab6/build/sim-rundir/vcdplus.vpd -design V1} {gui_open_db -file /home/cc/eecs151/fa23/class/eecs151-aeq/asic_labs_fa23/lab5/build/sim-rundir/vcdplus.vpd -design V1}}
gui_set_state_value -category Globals -key recent_sessions -value {{gui_load_session -ignore_errors -file /home/cc/eecs151/fa23/class/eecs151-aeq/asic_labs_fa23/lab5/build/sim-rundir/session.vcdplus.vpd.tcl} {gui_load_session -ignore_errors -file /home/cc/eecs151/fa23/class/eecs151-aeq/asic_labs_fa23/lab6/build/sim-rundir/session.vcdplus.vpd.tcl} {gui_load_session -ignore_errors -file /home/cc/eecs151/fa23/class/eecs151-aeq/asic_labs_fa23/lab5/build/sim-rundir/session1.vcdplus.vpd.tcl}}
gui_set_state_value -category Layout -key child_console_size_x -value 1907
gui_set_state_value -category Layout -key child_console_size_y -value 178
gui_set_state_value -category Layout -key child_data_coltype -value 110
gui_set_state_value -category Layout -key child_data_colvalue -value 55
gui_set_state_value -category Layout -key child_data_colvariable -value 214
gui_set_state_value -category Layout -key child_data_size_x -value 380
gui_set_state_value -category Layout -key child_data_size_y -value 747
gui_set_state_value -category Layout -key child_driver_size_x -value 1647
gui_set_state_value -category Layout -key child_driver_size_y -value 179
gui_set_state_value -category Layout -key child_hier_col3 -value {-1}
gui_set_state_value -category Layout -key child_hier_colhier -value 336
gui_set_state_value -category Layout -key child_hier_colpd -value 0
gui_set_state_value -category Layout -key child_hier_coltype -value 108
gui_set_state_value -category Layout -key child_hier_size_x -value 430
gui_set_state_value -category Layout -key child_hier_size_y -value 747
gui_set_state_value -category Layout -key child_memory_docknewline -value false
gui_set_state_value -category Layout -key child_memory_pos_x -value {-2}
gui_set_state_value -category Layout -key child_memory_pos_y -value {-15}
gui_set_state_value -category Layout -key child_memory_size_x -value 1204
gui_set_state_value -category Layout -key child_memory_size_y -value 729
gui_set_state_value -category Layout -key child_schematic_docknewline -value false
gui_set_state_value -category Layout -key child_schematic_pos_x -value {-2}
gui_set_state_value -category Layout -key child_schematic_pos_y -value {-15}
gui_set_state_value -category Layout -key child_schematic_size_x -value 1096
gui_set_state_value -category Layout -key child_schematic_size_y -value 756
gui_set_state_value -category Layout -key child_source_docknewline -value false
gui_set_state_value -category Layout -key child_source_pos_x -value {-2}
gui_set_state_value -category Layout -key child_source_pos_y -value {-15}
gui_set_state_value -category Layout -key child_source_size_x -value 1100
gui_set_state_value -category Layout -key child_source_size_y -value 742
gui_set_state_value -category Layout -key child_wave_colname -value 274
gui_set_state_value -category Layout -key child_wave_colvalue -value 275
gui_set_state_value -category Layout -key child_wave_left -value 553
gui_set_state_value -category Layout -key child_wave_right -value 1349
gui_set_state_value -category Layout -key main_pos_x -value 1926
gui_set_state_value -category Layout -key main_pos_y -value 27
gui_set_state_value -category Layout -key main_size_x -value 3833
gui_set_state_value -category Layout -key main_size_y -value 1025
gui_set_state_value -category Layout -key stand_wave_child_docknewline -value false
gui_set_state_value -category Layout -key stand_wave_child_pos_x -value {-2}
gui_set_state_value -category Layout -key stand_wave_child_pos_y -value {-15}
gui_set_state_value -category Layout -key stand_wave_child_size_x -value 1912
gui_set_state_value -category Layout -key stand_wave_child_size_y -value 920
gui_set_state_value -category Layout -key stand_wave_top_pos_x -value 1926
gui_set_state_value -category Layout -key stand_wave_top_pos_y -value 27
gui_set_state_value -category Layout -key stand_wave_top_size_x -value 3833
gui_set_state_value -category Layout -key stand_wave_top_size_y -value 1025
gui_create_state_key -category FindDialog -key m_pMatchCase -value_type bool -value false
gui_create_state_key -category FindDialog -key m_pMatchWord -value_type bool -value false
gui_create_state_key -category FindDialog -key m_pUseCombo -value_type string -value {}
gui_create_state_key -category FindDialog -key m_pWrapAround -value_type bool -value true
gui_create_state_key -category Widget_History -key TopLevel.1|qt_left_dock|DockWnd2|DLPane.1|pages|Data.1|hbox|textfilter -value_type string -value {we initializing intermediate b_stored}
gui_state_default_create -off

# Begin command logging
gui_open_db -file vcdplus.vpd
gui_save_session -reload -default_file
gui_set_pref_value -category {Globals} -key {use_mhpi_lookup} -value {false}
gui_set_pref_value -category {Globals} -key {use_mhpi_lookup} -value {true}
gui_list_expand -id  Hier.1   divider_testbench
gui_list_select -id Hier.1 -current_item_name divider_testbench.divider -current_item_type Scope  -selected  { divider_testbench.divider   }
gui_list_select -id Data.1 -selected  { divider_testbench.divider.clk   }
gui_open_window Wave
gui_list_add -id Wave.1 -from Data.1 { divider_testbench.divider.clk } -insertionbar
gui_list_select -id Data.1 -selected  { divider_testbench.divider.start   }
gui_list_add -id Wave.1 -from Data.1 { divider_testbench.divider.start } -insertionbar
gui_list_select -id Data.1 -selected  { divider_testbench.divider.done   }
gui_list_add -id Wave.1 -from Data.1 { divider_testbench.divider.done } -insertionbar
gui_list_select -id Data.1 -selected  { {divider_testbench.divider.dividend[3:0]}   }
gui_list_create_group_when_add -wave -enable
gui_list_add -id Wave.1 -from Data.1 { {divider_testbench.divider.dividend[3:0]} } -insertionbar
gui_list_select -id Data.1 -selected  { {divider_testbench.divider.divisor[3:0]}   }
gui_list_add -id Wave.1 -from Data.1 { {divider_testbench.divider.divisor[3:0]} } -insertionbar
gui_list_select -id Data.1 -selected  { {divider_testbench.divider.quotient[3:0]}   }
gui_list_add -id Wave.1 -from Data.1 { {divider_testbench.divider.quotient[3:0]} } -insertionbar
gui_list_select -id Data.1 -selected  { {divider_testbench.divider.remainder[3:0]}   }
gui_list_add -id Wave.1 -from Data.1 { {divider_testbench.divider.remainder[3:0]} } -insertionbar
gui_list_select -id Data.1 -selected  { {divider_testbench.divider.long_remainder[7:0]}   }
gui_list_create_group_when_add -wave -disable
gui_list_add -id Wave.1 -from Data.1 { {divider_testbench.divider.long_remainder[7:0]} } -insertionbar
gui_list_create_group_when_add -wave -enable
gui_list_select -id Wave.1 -selected  { {divider_testbench.divider.divisor[3:0]}   }
gui_list_move  -id  Wave.1    -sid  Wave.1   -after {divider_testbench.divider.dividend[3:0]} {{divider_testbench.divider.divisor[3:0]}} 
gui_list_select -id Wave.1 -selected  { {divider_testbench.divider.quotient[3:0]}   }
gui_list_move  -id  Wave.1    -sid  Wave.1   -after {divider_testbench.divider.divisor[3:0]} {{divider_testbench.divider.quotient[3:0]}} 
gui_list_select -id Wave.1 -selected  { {divider_testbench.divider.remainder[3:0]}   }
gui_list_move  -id  Wave.1    -sid  Wave.1   -after {divider_testbench.divider.quotient[3:0]} {{divider_testbench.divider.remainder[3:0]}} 
gui_list_select -id Wave.1 -selected  { Group5   }
gui_delete_selected -id  Wave.1
gui_list_select -id Wave.1 -selected  { {New Group}   }
gui_list_select -id Wave.1 -selected  { Group4   }
gui_delete_selected -id  Wave.1
gui_list_select -id Wave.1 -selected  { {New Group}   }
gui_list_select -id Wave.1 -selected  { Group3   }
gui_list_select -id Wave.1 -selected  { {New Group}   }
gui_list_action -id  Wave.1 {New Group}
gui_list_select -id Wave.1 -selected  { Group3   }
gui_list_create_group_when_add -wave -disable
gui_list_add -id Wave.1 -from Data.1 { {divider_testbench.divider.long_remainder[7:0]} } -insertionbar
gui_list_select -id Wave.1 -selected  { {divider_testbench.divider.long_remainder[7:0]}   }
gui_sg_create  Group6 
gui_list_add_group -id  Wave.1   {Group6} 
gui_list_move  -id  Wave.1    -sid  Wave.1   -after Group6 {{divider_testbench.divider.long_remainder[7:0]}}
gui_list_move  -id  Wave.1    -sid  Wave.1   -after Group3 {{divider_testbench.divider.long_remainder[7:0]}}
gui_list_select -id Data.1 -selected  { {divider_testbench.divider.shifted_remainder[7:0]}   }
gui_list_add -id Wave.1 -from Data.1 { {divider_testbench.divider.shifted_remainder[7:0]} } -insertionbar
gui_list_select -id Data.1 -selected  { {divider_testbench.divider.left_half[3:0]}   }
gui_list_add -id Wave.1 -from Data.1 { {divider_testbench.divider.left_half[3:0]} } -insertionbar
gui_list_select -id Data.1 -selected  { {divider_testbench.divider.right_half[3:0]}   }
gui_list_add -id Wave.1 -from Data.1 { {divider_testbench.divider.right_half[3:0]} } -insertionbar
gui_list_select -id Data.1 -selected  { {divider_testbench.divider.subtracted[3:0]}   }
gui_list_add -id Wave.1 -from Data.1 { {divider_testbench.divider.subtracted[3:0]} } -insertionbar
gui_list_select -id Data.1 -selected  { divider_testbench.divider.sub_negative   }
gui_list_add -id Wave.1 -from Data.1 { divider_testbench.divider.sub_negative } -insertionbar
gui_list_select -id Data.1 -selected  { {divider_testbench.divider.iteration[2:0]}   }
gui_list_add -id Wave.1 -from Data.1 { {divider_testbench.divider.iteration[2:0]} } -insertionbar
gui_list_select -id Wave.1 -selected  { Group6   }
gui_delete_selected -id  Wave.1
gui_list_select -id Wave.1 -selected  { {New Group}   }
gui_set_time_units 1ns
gui_zoom -window Wave.1 -full
gui_wv_zoom_timerange -id  Wave.1 1823 3667.6
gui_list_select -id Wave.1 -selected  { {divider_testbench.divider.dividend[3:0]}   }
gui_list_set_selected_property -id Wave.1 -radix decimal
gui_list_select -id Wave.1 -selected  { {divider_testbench.divider.divisor[3:0]}   }
gui_list_set_selected_property -id Wave.1 -radix decimal
gui_list_select -id Wave.1 -selected  { {divider_testbench.divider.quotient[3:0]}   }
gui_list_set_selected_property -id Wave.1 -radix decimal
gui_list_select -id Wave.1 -selected  { {divider_testbench.divider.remainder[3:0]}   }
gui_list_set_selected_property -id Wave.1 -radix decimal
gui_list_select -id Wave.1 -selected  { {divider_testbench.divider.long_remainder[7:0]}   }
gui_list_set_selected_property -id Wave.1 -radix binary
gui_list_select -id Wave.1 -selected  { {divider_testbench.divider.shifted_remainder[7:0]}   }
gui_list_set_selected_property -id Wave.1 -radix binary
gui_list_select -id Wave.1 -selected  { {divider_testbench.divider.left_half[3:0]}   }
gui_list_set_selected_property -id Wave.1 -radix binary
gui_list_select -id Wave.1 -selected  { {divider_testbench.divider.right_half[3:0]}   }
gui_list_set_selected_property -id Wave.1 -radix binary
gui_list_select -id Wave.1 -selected  { {divider_testbench.divider.subtracted[3:0]}   }
gui_list_set_selected_property -id Wave.1 -radix binary
gui_list_select -id Wave.1 -selected  { {divider_testbench.divider.iteration[2:0]}   }
gui_list_set_selected_property -id Wave.1 -radix decimal
gui_list_select -id Hier.1 -current_item_name divider_testbench.divider -current_item_type Scope  -selected  {  }
gui_wv_zoom_timerange -id  Wave.1 1822.4 3668.4
gui_wv_zoom_timerange -id  Wave.1 1926.6 2086.3
gui_list_select -id Wave.1 -selected  { {divider_testbench.divider.quotient[3:0]}   }
gui_list_select -id Wave.1 -selected  { divider_testbench.divider.sub_negative   }
gui_save_session -reload -default_file
gui_set_pref_value -category {Globals} -key {use_mhpi_lookup} -value {false}
gui_set_pref_value -category {Globals} -key {use_mhpi_lookup} -value {true}
gui_zoom -window Wave.1 -full
gui_wv_zoom_timerange -id  Wave.1 5443.1 6006.9
gui_wv_zoom_timerange -id  Wave.1 5525.2 5678.3
gui_wv_scroll_hslidermove -id  Wave.1 104137
gui_wv_scroll_hslidermove -id  Wave.1 105466
gui_wv_scroll_hslidermove -id  Wave.1 106795
gui_wv_scroll_hslidermove -id  Wave.1 105466
gui_wv_scroll_hslidermove -id  Wave.1 104137
gui_wv_scroll_hslidermove -id  Wave.1 102808
gui_wv_scroll_hslidermove -id  Wave.1 101479
gui_wv_scroll_hslidermove -id  Wave.1 102808
gui_wv_scroll_hslidermove -id  Wave.1 104137
gui_wv_scroll_hslidermove -id  Wave.1 105466
gui_wv_scroll_hslidermove -id  Wave.1 106795
gui_wv_scroll_hslidermove -id  Wave.1 109453
gui_wv_scroll_hslidermove -id  Wave.1 110782
gui_wv_scroll_hslidermove -id  Wave.1 112111
gui_wv_scroll_hslidermove -id  Wave.1 110782
gui_wv_scroll_hslidermove -id  Wave.1 109453
gui_wv_scroll_hslidermove -id  Wave.1 108124
gui_wv_scroll_hslidermove -id  Wave.1 106795
gui_wv_scroll_hslidermove -id  Wave.1 108124
gui_wv_scroll_hslidermove -id  Wave.1 109453
gui_wv_scroll_hslidermove -id  Wave.1 110782
gui_wv_scroll_hslidermove -id  Wave.1 109453
gui_wv_scroll_hslidermove -id  Wave.1 108124
gui_wv_scroll_hslidermove -id  Wave.1 109453
gui_wv_scroll_hslidermove -id  Wave.1 110782
gui_wv_scroll_hslidermove -id  Wave.1 110706
gui_wv_scroll_hslidermove -id  Wave.1 110512
gui_save_session -reload -default_file
gui_set_pref_value -category {Globals} -key {use_mhpi_lookup} -value {false}
gui_set_pref_value -category {Globals} -key {use_mhpi_lookup} -value {true}
gui_marker_move -id  Wave.1 C1 12765.4
gui_save_session -reload -default_file
gui_set_pref_value -category {Globals} -key {use_mhpi_lookup} -value {false}
gui_set_pref_value -category {Globals} -key {use_mhpi_lookup} -value {true}
gui_wv_scroll_hslidermove -id  Wave.1 111478
gui_save_session -reload -default_file
gui_set_pref_value -category {Globals} -key {use_mhpi_lookup} -value {false}
gui_set_pref_value -category {Globals} -key {use_mhpi_lookup} -value {true}
gui_list_select -id Wave.1 -selected  { {divider_testbench.divider.subtracted[3:0]}   }
gui_list_select -id Wave.1 -selected  { divider_testbench.divider.sub_negative   }
gui_marker_move -id  Wave.1 C1 12922.6
gui_marker_move -id  Wave.1 C1 12937.9
gui_marker_move -id  Wave.1 C1 12917.8
